2022-05-11 21:01:43,738 - INFO - Created bot in community alt-right and scrubbing strategy watch
2022-05-11 21:01:43,738 - INFO - SETUP PHASE
2022-05-11 21:01:43,738 - INFO - We are in TEST mode
2022-05-11 21:01:43,739 - INFO - Attempting login with username "kendalltracy61" and password "scrub2022".
2022-05-11 21:02:19,284 - INFO - Login succeeded at attempt #1
2022-05-11 21:02:24,286 - INFO - 
STAIN PHASE
2022-05-11 21:02:24,286 - INFO - Loading homepage.
2022-05-11 21:02:41,164 - INFO - Saving homepage.
2022-05-11 21:02:42,380 - INFO - Recommended videos: ['a8Gx8wiNbs8', '1vzdm0Mz58o', 'bp8727gV5HA', 'PJC-oRDwwY8', 'W-iwfmhpHBE', '_qdNtuve0Bk', '3_Rxnb_E_TI', 'CJoIwJxZGpY', 'rYwy0lodsVk', '28yRhr-_1jg']
2022-05-11 21:02:47,425 - INFO - Loading video ID moEPY8kIhts.
2022-05-11 21:02:59,927 - INFO - Saving videopage
2022-05-11 21:03:00,150 - INFO - Recommended videos: ['sA3O-a0jkeE', 'WoISxP9YqdI', 'J58gQXjXIEc', 'vNWG3UljBsk', 'T-S6UdcO7No', 'iEnM_fualmg', '59S1OmtsZZo', '3nu1qi2CXEc', '0L6wQZqBVwg', '-pssDth__Rk']
2022-05-11 21:03:00,336 - INFO - Watching video for 76 seconds.
2022-05-11 21:04:16,342 - INFO - Loading homepage.
2022-05-11 21:04:28,955 - INFO - Saving homepage.
2022-05-11 21:04:29,216 - INFO - Recommended videos: ['ZdaK4DuaI18', 'JaQarnFbyD8', 'ppSwfOtLR1Y', '9lybsz-7TFM', '-QXPViceEcc', '2ubfSzfklGk', 'mUPJckUSdzo', 'nQ7c-WqrlPY', 'K0GPCmm1F3o', '0U_PUbQGA4U']
2022-05-11 21:04:34,226 - INFO - Loading video ID s0fhElasBYs.
2022-05-11 21:04:45,452 - INFO - Saving videopage
2022-05-11 21:04:45,749 - INFO - Recommended videos: ['04JBmf_KDDg', 'SycRO164gt8', 'kDfes2OJLeA', 'f_rYWBle1_4', 'vNWG3UljBsk', 'e4Ao-iNPPUc', '0G383538qzQ', 'TJAfLE39ZZ8', 'J58gQXjXIEc', 'u9Dg-g7t2l4']
2022-05-11 21:04:45,922 - INFO - Watching video for 125 seconds.
2022-05-11 21:06:50,926 - INFO - Loading homepage.
2022-05-11 21:07:02,373 - INFO - Saving homepage.
2022-05-11 21:07:02,694 - INFO - Recommended videos: ['ZbtloMT380c', '2ubfSzfklGk', 'nQ7c-WqrlPY', '-qxIl2zDAlI', 'KzxR5_w8hhQ', 'rOw7lEmmvbQ', 'iy95PRrxLT4', 'L_6QBRstbus', 'KJZ9FBc-Luo', 'W86cTIoMv2U']
2022-05-11 21:07:07,708 - INFO - Loading video ID 1ZJmvDPhI2k.
2022-05-11 21:07:19,005 - INFO - Saving videopage
2022-05-11 21:07:19,259 - INFO - Recommended videos: ['MPBNOWsaKF0', '13OtZFWdhwQ', 'pLAr2X4sH5Q', 'nJ-ehbVQYxI', 'kB-lr_43g8A', 'r76GJDP0uWQ', 'twG4mr6Jov0', 'LR9FtWVjk2c', '4GzxPw6-rLM', '5caQPiRBCAA']
2022-05-11 21:07:19,447 - INFO - Watching video for 169 seconds.
2022-05-11 21:10:08,455 - INFO - Loading homepage.
2022-05-11 21:10:20,477 - INFO - Saving homepage.
2022-05-11 21:10:20,740 - INFO - Recommended videos: ['OSDEWfmjz5E', '5huP7y8Obws', 'mUPJckUSdzo', 'SzuZnh91U8E', 'y_FJlMnGR48', 'AnO2W0JNdDU', 'WmCgATs_SsQ', '_lFlmFoGhjc', 'W86cTIoMv2U', 'PCcYmfoi-KY']
2022-05-11 21:10:25,750 - INFO - Loading video ID M-N6RmSLY0Q.
2022-05-11 21:10:36,816 - INFO - Saving videopage
2022-05-11 21:10:37,059 - INFO - Recommended videos: ['kDfes2OJLeA', 'eSWwIQzKsbY', '6i0a7RDPkM8', 'gdsUKphmB3Y', 'LH0-WXUFY2k', '04JBmf_KDDg', 'uiTrB-zA7bc', '3LopI4YeC4I', 'QRt7LjqJ45k', 'nWK0kqjPSVI']
2022-05-11 21:10:37,230 - INFO - Watching video for 209 seconds.
2022-05-11 21:14:06,236 - INFO - Loading homepage.
2022-05-11 21:14:17,831 - INFO - Saving homepage.
2022-05-11 21:14:18,109 - INFO - Recommended videos: ['6bEGmNVeWIY', 'Cf0syTRh6sE', 'r8RFJAr0lQQ', 'KGMcBQhOy-Y', 'ymC-Z-l6PVg', 'OSDEWfmjz5E', 'lj5GXZaE7qs', '-5i-iCUOmc0', 'AnO2W0JNdDU', '5huP7y8Obws']
2022-05-11 21:14:23,125 - INFO - Loading video ID PXfDkKbK1OY.
2022-05-11 21:14:34,271 - INFO - Saving videopage
2022-05-11 21:14:34,517 - INFO - Recommended videos: ['Unzc731iCUY', 'bm03wqLY3Nc', 'kDfes2OJLeA', 'lQ41TIGhovM', 'Nyx6SBixRE8', 'EcMKLwVlpJk', 'zlm1aajH6gY', 'Mmdxs_0yYwc', 'Rla2CH-1aqI', '04JBmf_KDDg']
2022-05-11 21:14:34,690 - INFO - Watching video for 1037 seconds.
2022-05-11 21:31:51,693 - INFO - Loading homepage.
2022-05-11 21:32:02,867 - INFO - Saving homepage.
2022-05-11 21:32:03,134 - INFO - Recommended videos: ['KzxR5_w8hhQ', '2ubfSzfklGk', 'rOw7lEmmvbQ', 'f4ZrA1sR0wE', 'K0GPCmm1F3o', 'JqVdknLrAxI', 'AnO2W0JNdDU', 'jvVAtDWdj2c', 'i2gNx4-REIA', 'nYRefC7E9gU']
2022-05-11 21:32:08,185 - INFO - Loading video ID vhTFkUpB8zc.
2022-05-11 21:32:19,835 - INFO - Saving videopage
2022-05-11 21:32:20,105 - INFO - Recommended videos: ['04JBmf_KDDg', 'Mqfwbf3X8SA', 'l_UegL1R3X8', 'mT0RNrTDHkI', 'rUiG5_GcMyY', 'C-nALYF73hU', 'd33C8IE7WnQ', 'DG87oy53_zM', 'VgjyPmFKxCU', 'apXkd39xDVI']
2022-05-11 21:32:20,300 - INFO - Watching video for 740 seconds.
2022-05-11 21:44:40,330 - INFO - Loading homepage.
2022-05-11 21:44:52,462 - INFO - Saving homepage.
2022-05-11 21:44:52,723 - INFO - Recommended videos: ['oqRUu4QCmOY', 'rOw7lEmmvbQ', '2ubfSzfklGk', 'yaRW0Y4vnrE', 'JaQarnFbyD8', 'u0cKuFfYnVw', 'SzuZnh91U8E', 'ExvKL0rxRes', 'ow4OfLD1C5Y', '5TMLa14s70s']
2022-05-11 21:44:57,742 - INFO - Loading video ID XrFhSB_EtD4.
2022-05-11 21:45:08,870 - INFO - Saving videopage
2022-05-11 21:45:09,119 - INFO - Recommended videos: ['Unzc731iCUY', 'azq0S0DKS50', 'fmdo4Gc7QFc', 'g1UVhexTLWU', 'xIlpu-JEkL4', '_O7jIYf5edU', 'e-or_D-qNqM', 'izjEhtIblHc', 'SA7bKo4HRTg', 'ojTAxYheSns']
2022-05-11 21:45:09,297 - INFO - Watching video for 31 seconds.
2022-05-11 21:45:40,307 - INFO - Loading homepage.
2022-05-11 21:45:52,074 - INFO - Saving homepage.
2022-05-11 21:45:52,321 - INFO - Recommended videos: ['fxwVUbYXVJg', 'nNgtt8JjIwI', 'KGMcBQhOy-Y', '3kCw3IAdl_0', 'pGnvDaOQNjQ', 'USA9pF-_6Yc', '5huP7y8Obws', 'AnO2W0JNdDU', 'RHpalC3WaXY', 'KGR5HP3KSBk']
2022-05-11 21:45:57,332 - INFO - Loading video ID qW2WCxShRJA.
2022-05-11 21:46:08,465 - INFO - Saving videopage
2022-05-11 21:46:08,712 - INFO - Recommended videos: ['UdQmCj0mL2Q', 'G68Q4lCM5pQ', '-q8JHNpOvlE', 'mT0RNrTDHkI', 'J58gQXjXIEc', '094y1Z2wpJg', 'iUohO2MSot8', 'vTVuB1kgpd4', 'Dd-naAfCBNE', '5FriV9FPByw']
2022-05-11 21:46:08,882 - INFO - Watching video for 175 seconds.
2022-05-11 21:49:03,893 - INFO - Loading homepage.
2022-05-11 21:49:15,281 - INFO - Saving homepage.
2022-05-11 21:49:15,544 - INFO - Recommended videos: ['USA9pF-_6Yc', 'mhDfMfV7Zf0', 'AnO2W0JNdDU', '4PPTu4g2_hg', 'yaRW0Y4vnrE', 'RHpalC3WaXY', 'nQ7c-WqrlPY', 'oqRUu4QCmOY', '2ubfSzfklGk', 'B734hqJ2Qbk']
2022-05-11 21:49:20,560 - INFO - Loading video ID G4pA5EWwwrU.
2022-05-11 21:49:32,012 - INFO - Saving videopage
2022-05-11 21:49:32,252 - INFO - Recommended videos: ['my-NDVi9XZc', 'ZSfGb3lOJiE', '_pHIXWGSwVE', 't8Hp9ZqVxGA', 'eSWwIQzKsbY', 'VvzVW-bscJo', 'zfZqpdt3Zy0', 'NqYN7LvJlOU', 'EPXbLjQjuqg', 'VZ_xwRhGH54']
2022-05-11 21:49:32,447 - INFO - Watching video for 299 seconds.
2022-05-11 21:54:31,458 - INFO - Loading homepage.
2022-05-11 21:54:43,964 - INFO - Saving homepage.
2022-05-11 21:54:44,225 - INFO - Recommended videos: ['fxwVUbYXVJg', 'lIEFC94C5aM', 'SwlO6pVBJrM', 'gKUXDkQISF8', 'AnO2W0JNdDU', 'mhDfMfV7Zf0', 'USA9pF-_6Yc', 'f6NTRAOaIwU', '4PPTu4g2_hg', 'FqJdzYY_Fas']
2022-05-11 21:54:49,240 - INFO - Loading video ID OL9fAEKrRiY.
2022-05-11 21:55:00,334 - INFO - Saving videopage
2022-05-11 21:55:00,580 - INFO - Recommended videos: ['04JBmf_KDDg', 'd33C8IE7WnQ', 'Mmdxs_0yYwc', 'VgjyPmFKxCU', 'J58gQXjXIEc', 'v2AC41dglnM', '6TnKvlQ2h7s', '-pssDth__Rk', 'R9Yasi99n-o', 'T-S6UdcO7No']
2022-05-11 21:55:00,755 - INFO - Watching video for 83 seconds.
2022-05-11 21:56:23,765 - INFO - Loading homepage.
2022-05-11 21:56:35,518 - INFO - Saving homepage.
2022-05-11 21:56:35,774 - INFO - Recommended videos: ['USA9pF-_6Yc', 'mhDfMfV7Zf0', 'AnO2W0JNdDU', 'lIEFC94C5aM', 'FxkIKQ5CG8E', '4PPTu4g2_hg', 'RHpalC3WaXY', 'xwtaekgVt9Q', 'AuIM4_C7wOU', '9ZlgyiByY6g']
2022-05-11 21:56:40,787 - INFO - Loading video ID myCQQZQpuCw.
2022-05-11 21:56:51,997 - INFO - Saving videopage
2022-05-11 21:56:52,273 - INFO - Recommended videos: ['qEO-N_9X31Y', 'Unzc731iCUY', 'EwugV8oy5IY', 'lMmLHchT4Ho', 'zN2NdiFJFh0', 'CNpQCiWqeCM', 'chyEm9lw-Gc', 'VgjyPmFKxCU', 'xguam0TKMw8', 'jofNR_WkoCE']
2022-05-11 21:56:52,458 - INFO - Watching video for 722 seconds.
2022-05-11 22:08:54,474 - INFO - Loading homepage.
2022-05-11 22:09:07,950 - INFO - Saving homepage.
2022-05-11 22:09:08,233 - INFO - Recommended videos: ['USA9pF-_6Yc', 'suvWm8UDJ6Q', 'AnO2W0JNdDU', 'oihbM9Y5nqc', 'mhDfMfV7Zf0', 'PCcYmfoi-KY', 'RHpalC3WaXY', 'ACXakVE4l_c', 'He7fUaOdvWk', 'vZ9myHhpS9s']
2022-05-11 22:09:13,292 - INFO - Loading video ID x6BZvi3vjzU.
2022-05-11 22:09:24,564 - INFO - Saving videopage
2022-05-11 22:09:24,813 - INFO - Recommended videos: ['16N3JTXLXZw', '9AThycGCakk', 'h1jjrCAcRBk', 'ihaB8AFOhZo', 'WlH3S-uLTIw', 'ymTjYXA9MWw', 'FXzAbjMnES8', 'M5o6qtnlHhM', 'k3WkJq478To', 'pdksMfi0Hsc']
2022-05-11 22:09:24,990 - INFO - Watching video for 229 seconds.
2022-05-11 22:13:14,001 - INFO - Loading homepage.
2022-05-11 22:13:25,823 - INFO - Saving homepage.
2022-05-11 22:13:26,074 - INFO - Recommended videos: ['KzxR5_w8hhQ', 'fxwVUbYXVJg', 'gibh_sI7Pp4', 'nNgtt8JjIwI', 'PCcYmfoi-KY', 'yLy6J5nnQ30', 'ihaB8AFOhZo', '2MgKUTx1AKc', 'JqVdknLrAxI', '6UZqN6QExrk']
2022-05-11 22:13:31,103 - INFO - Loading video ID _R6eB_oSl-Y.
2022-05-11 22:13:42,332 - INFO - Saving videopage
2022-05-11 22:13:42,587 - INFO - Recommended videos: ['iQja0tt8F-I', 'lUA1vjZ8B30', 'pojr13szcVA', 'DqtQ7CpuLkM', 'VgjyPmFKxCU', 'U7tn4DVotOM', 'SipM0pbCjT0', 'B2WV3VKSQJs', 'Mmdxs_0yYwc', 'JV_PfGcPewY']
2022-05-11 22:13:42,769 - INFO - Watching video for 83 seconds.
2022-05-11 22:15:05,780 - INFO - Loading homepage.
2022-05-11 22:15:17,484 - INFO - Saving homepage.
2022-05-11 22:15:17,747 - INFO - Recommended videos: ['KzxR5_w8hhQ', 'fxwVUbYXVJg', 'pojr13szcVA', 'ihaB8AFOhZo', '73VasGv7g44', 'vF03jKHesrk', '2MgKUTx1AKc', 'RHpalC3WaXY', 'ACXakVE4l_c', 'mhDfMfV7Zf0']
2022-05-11 22:15:22,787 - INFO - Loading video ID tpc5mnXj5CE.
2022-05-11 22:15:34,004 - INFO - Saving videopage
2022-05-11 22:15:34,252 - INFO - Recommended videos: ['DcA5TotAkhs', 'chyEm9lw-Gc', 'J3b51_ScXMw', 'deuzVsKMsTA', 'CVlEkBHO_hc', 'xMygnmB9Zw8', '2Sl-_c7ZV6U', 'SQLhsPWqSwM', 'xHhRb9EJHl0', 'jVyjRhSX92E']
2022-05-11 22:15:34,424 - INFO - Watching video for 1056 seconds.
2022-05-11 22:33:10,356 - INFO - Loading homepage.
2022-05-11 22:33:21,613 - INFO - Saving homepage.
2022-05-11 22:33:21,868 - INFO - Recommended videos: ['XOuzfMG30SQ', '5huP7y8Obws', 'suvWm8UDJ6Q', '00F0kS2HZh0', 'OSDEWfmjz5E', 'NgXTxKd0Mv8', 'KzxR5_w8hhQ', 'Q-_QyhYfReQ', 'XnzxEGLaPxs', 'vZ9myHhpS9s']
2022-05-11 22:33:26,923 - INFO - Loading video ID bGYncyl19pE.
2022-05-11 22:33:38,108 - INFO - Saving videopage
2022-05-11 22:33:38,356 - INFO - Recommended videos: ['tppHeIoedRY', 'HLkuchTScn8', 'Qm5G6-DECG0', 'izjEhtIblHc', '5brMa_MLUoA', '2MnrRpgJLfw', 'VvzVW-bscJo', 'VgjyPmFKxCU', 'JYalx8bvEyg', 'ZD9dMpVtivs']
2022-05-11 22:33:38,528 - INFO - Watching video for 216 seconds.
2022-05-11 22:37:14,535 - INFO - Loading homepage.
2022-05-11 22:37:26,403 - INFO - Saving homepage.
2022-05-11 22:37:26,662 - INFO - Recommended videos: ['fxwVUbYXVJg', 'jnGe3mtIXik', 'nNgtt8JjIwI', 'Q0ZEmLosVXE', 'MYCVKY17uwY', 'KzxR5_w8hhQ', '6oAdJjzXQS8', 'mhDfMfV7Zf0', 'RHpalC3WaXY', '9fdS8ECbx4A']
2022-05-11 22:37:31,669 - INFO - Loading video ID mfgUq_9OmFg.
2022-05-11 22:37:44,513 - INFO - Saving videopage
2022-05-11 22:37:44,762 - INFO - Recommended videos: ['DcA5TotAkhs', 'Glpz90RhegM', 'knd81qhbRiQ', '-0V5eC_8VyQ', 'JbmHZbTpoDY', 'xguam0TKMw8', '_JiOgYTlW0s', '1CYH7hHp0Ik', 'KZVwOa00dug', 'qLBsSpeTU1A']
2022-05-11 22:37:44,927 - INFO - Watching video for 483 seconds.
2022-05-11 22:45:47,931 - INFO - Loading homepage.
2022-05-11 22:45:59,174 - INFO - Saving homepage.
2022-05-11 22:45:59,420 - INFO - Recommended videos: ['XOuzfMG30SQ', 'mhDfMfV7Zf0', 'suvWm8UDJ6Q', 'vZ9myHhpS9s', '00F0kS2HZh0', 'KzxR5_w8hhQ', '1Ua2XnYlm-o', '6soguTwemqE', '3MYjY9yddy0', 'jnGe3mtIXik']
2022-05-11 22:46:04,436 - INFO - Loading video ID ADvJ8p8yY-c.
2022-05-11 22:46:16,377 - INFO - Saving videopage
2022-05-11 22:46:16,616 - INFO - Recommended videos: ['zBVggGXGxxc', 'ymTjYXA9MWw', 'OYcYv174KQ4', 'WrBRAYk6AXI', 'pu9Ty9fxTHE', 'rn2Y1r8uLZ4', 'j3JbdzMzh2E', 'BHHJaEqMSqQ', 'LUYBWuI5uXk', '6UtHhNrrPLY']
2022-05-11 22:46:16,800 - INFO - Watching video for 62 seconds.
2022-05-11 22:47:18,805 - INFO - Loading homepage.
2022-05-11 22:47:30,099 - INFO - Saving homepage.
2022-05-11 22:47:30,332 - INFO - Recommended videos: ['lCDSn3Xqq0M', 'jnGe3mtIXik', 'ihaB8AFOhZo', 'fxwVUbYXVJg', '1gXo614nALg', 'mUPJckUSdzo', 'KzxR5_w8hhQ', '9fdS8ECbx4A', 'SzuZnh91U8E', 'mhDfMfV7Zf0']
2022-05-11 22:47:35,347 - INFO - Loading video ID Cphq4DZfFLw.
2022-05-11 22:47:46,651 - INFO - Saving videopage
2022-05-11 22:47:46,886 - INFO - Recommended videos: ['W3c_v6sB2pY', 'T-S6UdcO7No', '3nu1qi2CXEc', 'G0nx7TZ_eOo', 'PwXOEFK6Swo', '4yrr5FgjWZk', 'IL3t9gLosx0', 'H6wl-EyhXl0', 'Unzc731iCUY', '-PcTRA7w5lU']
2022-05-11 22:47:47,049 - INFO - Watching video for 30 seconds.
2022-05-11 22:48:17,054 - INFO - Loading homepage.
2022-05-11 22:48:28,114 - INFO - Saving homepage.
2022-05-11 22:48:28,312 - INFO - Recommended videos: ['e-6eWEhjMa4', 'fxwVUbYXVJg', 'jnGe3mtIXik', 'nNgtt8JjIwI', 'KzxR5_w8hhQ', 'GG506xMzqsA', 'OCnYFbvG_pk', 'mUPJckUSdzo', 'NSjI2mRcg9I', '9fdS8ECbx4A']
2022-05-11 22:48:33,327 - INFO - Loading video ID suvWm8UDJ6Q.
2022-05-11 22:48:44,383 - INFO - Saving videopage
2022-05-11 22:48:44,621 - INFO - Recommended videos: ['9fdS8ECbx4A', 'rHs7gOUIg7A', 'iQja0tt8F-I', 'gjwDLen0xQw', 'kRHqqSTyku8', 'v8FVVpRvWi4', 'lUA1vjZ8B30', 'M64e3ZfA2PI', 'MXDF0wVcWfA', 'Cu9079rbaLY']
2022-05-11 22:48:44,796 - INFO - Watching video for 514 seconds.
2022-05-11 22:57:18,832 - INFO - Loading homepage.
2022-05-11 22:57:30,948 - INFO - Saving homepage.
2022-05-11 22:57:31,230 - INFO - Recommended videos: ['e-6eWEhjMa4', 'jnGe3mtIXik', 'ihaB8AFOhZo', 'bT7WXNq5scc', 'A2mUT1Bc9sI', 'NJW_av0PQXM', 'iz9nsEjSS1o', 'RHpalC3WaXY', 'vF03jKHesrk', 'sfTsHtk9RDM']
2022-05-11 22:57:36,249 - INFO - Loading video ID p5Rl0lBYmAk.
2022-05-11 22:57:47,380 - INFO - Saving videopage
2022-05-11 22:57:47,639 - INFO - Recommended videos: ['H_szemxPcTI', 'Unzc731iCUY', 'Mmdxs_0yYwc', 'fJDg3lMlmBU', 'efs3QRr8LWw', 'MY2eOrxYxiI', '4yrr5FgjWZk', 'ymTjYXA9MWw', 'YPqCPPD8Ivg', 'pL8XPZp4-5c']
2022-05-11 22:57:47,824 - INFO - Watching video for 915 seconds.
2022-05-11 23:13:02,816 - INFO - Loading homepage.
2022-05-11 23:13:14,351 - INFO - Saving homepage.
2022-05-11 23:13:14,629 - INFO - Recommended videos: ['e-6eWEhjMa4', 'jnGe3mtIXik', '_KrKdj50mPk', 'MYCVKY17uwY', 'NJW_av0PQXM', 'Q-_QyhYfReQ', 'pMc_EDK2S5Y', 'A2mUT1Bc9sI', 'ihaB8AFOhZo', '4PPTu4g2_hg']
2022-05-11 23:13:19,690 - INFO - Loading video ID KXSX5mD8HwM.
2022-05-11 23:13:30,622 - INFO - Saving videopage
2022-05-11 23:13:30,865 - INFO - Recommended videos: ['OV06531KFLc', '_qpgzgkrB6A', 'T8-85cZRI9o', 'Zgmdy5wU8Ik', 'kuhFas1Z-Cs', 'DcA5TotAkhs', '-0V5eC_8VyQ', 's2bTQK6vbKI', 'XYC0ekh-KqU', '04JBmf_KDDg']
2022-05-11 23:13:31,035 - INFO - Watching video for 695 seconds.
2022-05-11 23:25:06,039 - INFO - Loading homepage.
2022-05-11 23:25:17,268 - INFO - Saving homepage.
2022-05-11 23:25:17,519 - INFO - Recommended videos: ['e-6eWEhjMa4', 'jnGe3mtIXik', '1Ua2XnYlm-o', '7kHvWLlkGcs', 'KzxR5_w8hhQ', 'NJW_av0PQXM', 'XnzxEGLaPxs', 'gibh_sI7Pp4', 'ihaB8AFOhZo', 'VSzMPtORyfk']
2022-05-11 23:25:22,542 - INFO - Loading video ID uLE30N0JnDk.
2022-05-11 23:25:33,730 - INFO - Saving videopage
2022-05-11 23:25:33,977 - INFO - Recommended videos: ['V0uYKSKOauQ', 'v4yKr5dcQ3A', 'pa885g6oeMc', 'K69tbUo3vGs', 'ts3YWVFUnvU', 'xaRNvJLKP1E', 'zXq8TJ-Qnd8', 'JYLDL8dnFe8', '7iMaIZTkq2k', 'O_3_-UrhZH0']
2022-05-11 23:25:34,171 - INFO - Watching video for 178 seconds.
2022-05-11 23:28:32,183 - INFO - Loading homepage.
2022-05-11 23:28:43,580 - INFO - Saving homepage.
2022-05-11 23:28:43,846 - INFO - Recommended videos: ['e-6eWEhjMa4', 'jnGe3mtIXik', 'RHpalC3WaXY', 'MYCVKY17uwY', 'NJW_av0PQXM', 'wySrkEcjzPc', 'zOyU_LQrFbw', 'K0GPCmm1F3o', 'SG3nm-Autsg', 'sfTsHtk9RDM']
2022-05-11 23:28:48,868 - INFO - Loading video ID XFIkw3Qmy5U.
2022-05-11 23:29:00,020 - INFO - Saving videopage
2022-05-11 23:29:00,233 - INFO - Recommended videos: ['jds0N9pjWhU', 'ZD9dMpVtivs', '9Q1jyRuAy5Y', 'epi6-zDCwIg', 'nJ-ehbVQYxI', 'A_LtC6HI5YI', 'cABqG-BO9k8', 'bpEy-Mpm6AI', 'G_IdpTRlTt8', 'lufiXfMqoXo']
2022-05-11 23:29:00,399 - INFO - Watching video for 258 seconds.
2022-05-11 23:33:18,408 - INFO - Loading homepage.
2022-05-11 23:33:30,088 - INFO - Saving homepage.
2022-05-11 23:33:30,348 - INFO - Recommended videos: ['e-6eWEhjMa4', 'jnGe3mtIXik', 'fxwVUbYXVJg', '1uMsuB_-tGw', 'NJW_av0PQXM', '9Q1jyRuAy5Y', 'i6cTCgjMpzs', 'gibh_sI7Pp4', '1Ua2XnYlm-o', 'fmqaO80D-zs']
2022-05-11 23:33:35,414 - INFO - Loading video ID Ke5LnzrElNw.
2022-05-11 23:33:46,573 - INFO - Saving videopage
2022-05-11 23:33:46,824 - INFO - Recommended videos: ['azgecJ2-xrs', 'fmdo4Gc7QFc', 'SqK7XXvfiXs', 'nJ-ehbVQYxI', 's2bTQK6vbKI', 'tB3qqb3U0Kc', 'qCvbmko75-c', 'vNWG3UljBsk', 'cSRPX0BIMco', 'ETEg-SB01QY']
2022-05-11 23:33:46,998 - INFO - Watching video for 193 seconds.
2022-05-11 23:37:00,006 - INFO - Loading homepage.
2022-05-11 23:37:11,679 - INFO - Saving homepage.
2022-05-11 23:37:11,911 - INFO - Recommended videos: ['LzygkxPK6YA', 'sfTsHtk9RDM', 'RHpalC3WaXY', 'nqOEGVrV2j8', '5xKhkrvCito', 'USA9pF-_6Yc', 'srrf27I5FHs', 'mhDfMfV7Zf0', 'csPMnw701MQ', 'CTtpt00D82s']
2022-05-11 23:37:16,923 - INFO - Loading video ID 6yCrCOyEPnQ.
2022-05-11 23:37:27,853 - INFO - Saving videopage
2022-05-11 23:37:28,077 - INFO - Recommended videos: ['9XalW3Zag5o', 'ymTjYXA9MWw', '1Qq-U-8oLTA', 'M5o6qtnlHhM', 'ssYswUHciI0', '43g9HMk4TE8', 'NLkFyhmt4vA', 'G68Q4lCM5pQ', 'jnGe3mtIXik', 'SAqdd8RA6QU']
2022-05-11 23:37:28,250 - INFO - Watching video for 134 seconds.
2022-05-11 23:39:42,259 - INFO - Loading homepage.
2022-05-11 23:39:56,653 - INFO - Saving homepage.
2022-05-11 23:39:56,900 - INFO - Recommended videos: ['vm6MzvC-8pU', 'lUA1vjZ8B30', '1Ua2XnYlm-o', 'MoKLovtnbGY', '1uMsuB_-tGw', '0RC6qBhBr38', 'rOw7lEmmvbQ', 'YEVeFzePoj4', 'x3lUD8ScQKk', 'FNmUUTpiNLQ']
2022-05-11 23:40:01,918 - INFO - Loading video ID 1VvZGNJGopM.
2022-05-11 23:40:12,823 - INFO - Saving videopage
2022-05-11 23:40:13,043 - INFO - Recommended videos: ['DcA5TotAkhs', 'thyxopgzG4k', 'Y1W59JH05FM', 'nYRefC7E9gU', 'VpmB9C01qLY', 'wu2twZdrM-E', 'bx-eHx8q4HU', 'FD2c6vAw4KI', 'u9FDzeoT7SU', 'Unzc731iCUY']
2022-05-11 23:40:13,211 - INFO - Watching video for 326 seconds.
2022-05-11 23:45:39,218 - INFO - Loading homepage.
2022-05-11 23:45:52,797 - INFO - Saving homepage.
2022-05-11 23:45:53,048 - INFO - Recommended videos: ['e-6eWEhjMa4', 'jnGe3mtIXik', 'uTp8AAx8SE4', 'p2G7buZ2JSg', '5xKhkrvCito', 'RHpalC3WaXY', 'NJW_av0PQXM', 'WZUlsy1fo6g', 'OSDEWfmjz5E', '5huP7y8Obws']
2022-05-11 23:45:58,058 - INFO - Loading video ID YTyZXvaaBpw.
2022-05-11 23:46:09,038 - INFO - Saving videopage
2022-05-11 23:46:09,292 - INFO - Recommended videos: ['wMOjveMO5Go', 'sSTO-1Ab6Zk', 'ssYswUHciI0', 'a9RqjDlhxtc', 'm1lM-t-TmQE', '1Qq-U-8oLTA', '9fdS8ECbx4A', 'Y80I62eH6g8', 'LsI4tHpIQbk', 'xDvQI9ynl1Q']
2022-05-11 23:46:09,465 - INFO - Watching video for 159 seconds.
2022-05-11 23:48:48,473 - INFO - Loading homepage.
2022-05-11 23:48:59,892 - INFO - Saving homepage.
2022-05-11 23:49:00,103 - INFO - Recommended videos: ['FNmUUTpiNLQ', 'lUA1vjZ8B30', 'OSDEWfmjz5E', '1uMsuB_-tGw', 'RHpalC3WaXY', 'rn2Y1r8uLZ4', 'tQGE_Mivb8M', 'USA9pF-_6Yc', 'nNgtt8JjIwI', 's-H9xYs0Xls']
2022-05-11 23:49:05,120 - INFO - Loading video ID 7WoKnW4WjD0.
2022-05-11 23:49:16,029 - INFO - Saving videopage
2022-05-11 23:49:16,269 - INFO - Recommended videos: ['2Sl-_c7ZV6U', 'xlbAI7-PDs0', 'LPpNGbo-w_I', 'AMrwX3jUPQM', '0zNxj-Ln8FA', 'nJ-ehbVQYxI', 'TaeNgo8bR2k', '2QCupck4xmk', 's2bTQK6vbKI', 'a2vzNaRXaFY']
2022-05-11 23:49:16,444 - INFO - Watching video for 1096 seconds.
2022-05-12 00:07:32,478 - INFO - Loading homepage.
2022-05-12 00:07:43,900 - INFO - Saving homepage.
2022-05-12 00:07:44,148 - INFO - Recommended videos: ['sfTsHtk9RDM', 'OSDEWfmjz5E', 'NJW_av0PQXM', 'pMc_EDK2S5Y', '4Ov7GvVRLDQ', 'RHpalC3WaXY', 'mhDfMfV7Zf0', 'USA9pF-_6Yc', '5huP7y8Obws', 'XnzxEGLaPxs']
2022-05-12 00:07:49,213 - INFO - Loading video ID lNvaUVOZ6hg.
2022-05-12 00:08:00,242 - INFO - Saving videopage
2022-05-12 00:08:00,481 - INFO - Recommended videos: ['tB3qqb3U0Kc', 'lpBqzSQyuv0', 'R1VM2acyHf4', 'Ye7QvwCGniA', '0L6wQZqBVwg', 'T-S6UdcO7No', 'w-DPEQZ4yRc', 'BvWB7B8tXK8', 'DZgcOj47ToE', 'ymTjYXA9MWw']
2022-05-12 00:08:00,647 - INFO - Watching video for 555 seconds.
2022-05-12 00:17:15,657 - INFO - Loading homepage.
2022-05-12 00:17:27,096 - INFO - Saving homepage.
2022-05-12 00:17:27,349 - INFO - Recommended videos: ['e-6eWEhjMa4', 'fxwVUbYXVJg', 'jnGe3mtIXik', '1uMsuB_-tGw', '6dwb9NA2zOk', 'NJW_av0PQXM', 'RHpalC3WaXY', 'd44CKZpnILc', 'YOnGrNnK9Es', 'KzxR5_w8hhQ']
2022-05-12 00:17:32,375 - INFO - Loading video ID gWliU8w3lNc.
2022-05-12 00:17:43,370 - INFO - Saving videopage
2022-05-12 00:17:43,621 - INFO - Recommended videos: ['apbSsILLh28', 'Ye7QvwCGniA', 'xMygnmB9Zw8', '9d8SzG4FPyM', 'yZthBN25ebA', 'MzYD56hKF-8', 'deuzVsKMsTA', '5Wa96VLhSqs', 'VLka8j-i7t4', 'w_YmriEAfcs']
2022-05-12 00:17:43,806 - INFO - Watching video for 277 seconds.
2022-05-12 00:22:20,816 - INFO - Loading homepage.
2022-05-12 00:22:32,151 - INFO - Saving homepage.
2022-05-12 00:22:32,396 - INFO - Recommended videos: ['e-6eWEhjMa4', 'jnGe3mtIXik', 'fxwVUbYXVJg', '6dwb9NA2zOk', '5xKhkrvCito', 'LUYBWuI5uXk', 'tQGE_Mivb8M', 'vZ9myHhpS9s', '9Q1jyRuAy5Y', 'YOnGrNnK9Es']
2022-05-12 00:22:37,414 - INFO - Loading video ID 3vmocWPFuuM.
2022-05-12 00:22:48,648 - INFO - Saving videopage
2022-05-12 00:22:48,918 - INFO - Recommended videos: ['DcA5TotAkhs', 'LPpNGbo-w_I', 'lufiXfMqoXo', 'xlbAI7-PDs0', '68FNrlPZQz8', '0Nd3sL0rX1U', 'RCgp3Mwfa1Y', 'x_7f4oJN598', 'ymTjYXA9MWw', 'PK0YN0vz6f4']
2022-05-12 00:22:49,121 - INFO - Watching video for 198 seconds.
2022-05-12 00:26:07,118 - INFO - Loading homepage.
2022-05-12 00:26:18,252 - INFO - Saving homepage.
2022-05-12 00:26:18,519 - INFO - Recommended videos: ['e-6eWEhjMa4', 'fxwVUbYXVJg', 'sfTsHtk9RDM', 'TmsYDlxR1Ik', '5xKhkrvCito', 'SqwKBOwLgLo', 'RHpalC3WaXY', 'NJW_av0PQXM', 'KN3hYEIRaPc', '9fdS8ECbx4A']
2022-05-12 00:26:23,542 - INFO - Loading video ID X6EKmjbljE8.
2022-05-12 00:26:34,423 - INFO - Saving videopage
2022-05-12 00:26:34,672 - INFO - Recommended videos: ['1CYi5T0yTl4', 'q4xKvHANqjk', 'Ye7QvwCGniA', 'PK0YN0vz6f4', 'lx_Ug-BaLcc', 'G0nx7TZ_eOo', 'rbjFZuHA008', 'qe3UcJ0CAxI', '5Wa96VLhSqs', 'ymTjYXA9MWw']
2022-05-12 00:26:34,844 - INFO - Watching video for 13 seconds.
2022-05-12 00:26:47,852 - INFO - Loading homepage.
2022-05-12 00:26:59,588 - INFO - Saving homepage.
2022-05-12 00:26:59,832 - INFO - Recommended videos: ['e-6eWEhjMa4', 'jnGe3mtIXik', 'RHpalC3WaXY', 'NJW_av0PQXM', '5xKhkrvCito', '-5i-iCUOmc0', 'iMyB_8eWfak', 'vZ9myHhpS9s', 'KzxR5_w8hhQ', 'tQGE_Mivb8M']
2022-05-12 00:27:04,850 - INFO - Loading video ID YEoy2wvBeBg.
2022-05-12 00:27:15,967 - INFO - Saving videopage
2022-05-12 00:27:16,214 - INFO - Recommended videos: ['tR_eRgODC98', 'fnIl212tBPk', '82NPMM85B6o', '8hWO06HJ-ZY', 'Y93ip0lMNJ8', 'M7hOpT0lPGI', 'rGzKfy7lhiA', 'GKUxryy34KQ', 'w8HiDl0u2L4', 'rbjFZuHA008']
2022-05-12 00:27:16,379 - INFO - Watching video for 310 seconds.
2022-05-12 00:32:26,389 - INFO - Loading homepage.
2022-05-12 00:32:37,868 - INFO - Saving homepage.
2022-05-12 00:32:38,116 - INFO - Recommended videos: ['e-6eWEhjMa4', 'fxwVUbYXVJg', 'sfTsHtk9RDM', '5xKhkrvCito', 'NJW_av0PQXM', 'vZ9myHhpS9s', '12FQ-Y1bhDY', 'tQGE_Mivb8M', 'RHpalC3WaXY', '9fdS8ECbx4A']
2022-05-12 00:32:43,174 - INFO - Loading video ID LUYBWuI5uXk.
2022-05-12 00:32:54,739 - INFO - Saving videopage
2022-05-12 00:32:54,998 - INFO - Recommended videos: ['OYcYv174KQ4', 'JjBd0KIQlJM', 'uJeObFwwH58', 'zbyV5-vuNqE', 'ymTjYXA9MWw', 'JOMYsOGei08', '8uuYm7KDm_A', 'BHHJaEqMSqQ', 'ASZooYTwgEo', 'wcaZcbain2s']
2022-05-12 00:32:55,183 - INFO - Watching video for 83 seconds.
2022-05-12 00:34:18,185 - INFO - Loading homepage.
2022-05-12 00:34:29,540 - INFO - Saving homepage.
2022-05-12 00:34:29,779 - INFO - Recommended videos: ['e-6eWEhjMa4', 'fxwVUbYXVJg', 'sfTsHtk9RDM', '6i8nU8D_TsI', '00FDR1E0zvE', 'NJW_av0PQXM', 'sMrzNdkQps4', 'ywPriq-D4J4', 'USA9pF-_6Yc', 'KzxR5_w8hhQ']
2022-05-12 00:34:34,797 - INFO - Loading video ID o1OGU5Bmv94.
2022-05-12 00:34:46,137 - INFO - Saving videopage
2022-05-12 00:34:46,403 - INFO - Recommended videos: ['DcA5TotAkhs', 'tR_eRgODC98', 'BKDa1GX-zu0', 'u9FDzeoT7SU', 'WxIO08ETcXQ', 'A1AuA46L0Vk', 'tNjRi5AJ53s', 'wu2twZdrM-E', 'd9wtneXmw64', 'LPpNGbo-w_I']
2022-05-12 00:34:46,592 - INFO - Watching video for 186 seconds.
2022-05-12 00:37:52,601 - INFO - Loading homepage.
2022-05-12 00:38:03,672 - INFO - Saving homepage.
2022-05-12 00:38:03,914 - INFO - Recommended videos: ['e-6eWEhjMa4', 'fxwVUbYXVJg', 'sfTsHtk9RDM', 'x9yQhJ02Zbc', 'OV0CaPiVxIc', 'RHpalC3WaXY', 'PNe5ZgvRfro', 'S18kxyJGFns', 'KzxR5_w8hhQ', '9fdS8ECbx4A']
2022-05-12 00:38:08,931 - INFO - Loading video ID wVG7HuLcwNE.
2022-05-12 00:38:19,852 - INFO - Saving videopage
2022-05-12 00:38:20,070 - INFO - Recommended videos: ['nJ-ehbVQYxI', 'tR_eRgODC98', 'upEJ5m3sh8M', 'rGzKfy7lhiA', '-z77ikRecGI', '59GzfGLqL7k', '0Mnbvh2-NQ0', 'SUdHzKRiBX8', '8xfSL0XLRtQ', 'a-nwOrgH1Bs']
2022-05-12 00:38:20,253 - INFO - Watching video for 659 seconds.
2022-05-12 00:49:19,228 - INFO - Loading homepage.
2022-05-12 00:49:30,731 - INFO - Saving homepage.
2022-05-12 00:49:31,013 - INFO - Recommended videos: ['sfTsHtk9RDM', 'Cf0syTRh6sE', '8uuYm7KDm_A', '1Ua2XnYlm-o', '5xKhkrvCito', 'qefElgEv-H0', 'mhDfMfV7Zf0', 'gibh_sI7Pp4', 'ihaB8AFOhZo', 'uAPUkgeiFVY']
2022-05-12 00:49:36,036 - INFO - Loading video ID HvLmj6IxZbc.
2022-05-12 00:49:46,992 - INFO - Saving videopage
2022-05-12 00:49:47,252 - INFO - Recommended videos: ['Glpz90RhegM', 'BpF5FkiuOeM', 'a-nwOrgH1Bs', 'K_sO5CVOt2A', 'UMLtkp4AFkc', 'WxIO08ETcXQ', 'qe3UcJ0CAxI', 'ymTjYXA9MWw', 'n-yHcPN4PPs', 'FQCLU6Va_Jg']
2022-05-12 00:49:47,418 - INFO - Watching video for 221 seconds.
2022-05-12 00:53:28,423 - INFO - Loading homepage.
2022-05-12 00:53:39,701 - INFO - Saving homepage.
2022-05-12 00:53:39,934 - INFO - Recommended videos: ['sfTsHtk9RDM', 'fxwVUbYXVJg', '8uuYm7KDm_A', '2bBY7tHjd_s', 'OOcMEVAT5TE', 'mhDfMfV7Zf0', 'ihaB8AFOhZo', 'S18kxyJGFns', '9fdS8ECbx4A', 'vZ9myHhpS9s']
2022-05-12 00:53:44,952 - INFO - Loading video ID vjXeabBrnY0.
2022-05-12 00:53:56,300 - INFO - Saving videopage
2022-05-12 00:53:56,574 - INFO - Recommended videos: ['XF-x8G0wbXI', 'NgXTxKd0Mv8', 'DcA5TotAkhs', 'G_TcAxAKCAI', 'U9XW7r-5N7M', '96r_nvkC30Y', 'lufiXfMqoXo', 'AEwH8oQk6H8', 'a5gbT7Uo5qY', 'h1JruXNBlk4']
2022-05-12 00:53:56,762 - INFO - Watching video for 397 seconds.
2022-05-12 01:00:33,773 - INFO - Loading homepage.
2022-05-12 01:00:45,303 - INFO - Saving homepage.
2022-05-12 01:00:45,554 - INFO - Recommended videos: ['Sl7jz0qNbH0', 'fxwVUbYXVJg', 'sfTsHtk9RDM', '1uMsuB_-tGw', 'nNgtt8JjIwI', 'JOMYsOGei08', 'RHpalC3WaXY', 'USA9pF-_6Yc', 's-H9xYs0Xls', 'UdQmCj0mL2Q']
2022-05-12 01:00:50,688 - INFO - Loading video ID RCgp3Mwfa1Y.
2022-05-12 01:01:01,953 - INFO - Saving videopage
2022-05-12 01:01:02,214 - INFO - Recommended videos: ['4WdzMVekUBU', 'Ufyov9RO8I0', 'fmdo4Gc7QFc', 'DcA5TotAkhs', 'LPpNGbo-w_I', 'e-or_D-qNqM', 'Ye7QvwCGniA', 'QRt7LjqJ45k', 'VgjyPmFKxCU', 'yZthBN25ebA']
2022-05-12 01:01:02,402 - INFO - Watching video for 609 seconds.
2022-05-12 01:11:11,406 - INFO - Loading homepage.
2022-05-12 01:11:22,933 - INFO - Saving homepage.
2022-05-12 01:11:23,192 - INFO - Recommended videos: ['sfTsHtk9RDM', 'fxwVUbYXVJg', '8uuYm7KDm_A', '08xS5DYZzDQ', '5xKhkrvCito', 'RHpalC3WaXY', 'ywPriq-D4J4', 'uVlj_MhIxmc', '_3QMqssyBwQ', '9fdS8ECbx4A']
2022-05-12 01:11:28,218 - INFO - Loading video ID Av2bJT8WXds.
2022-05-12 01:11:39,198 - INFO - Saving videopage
2022-05-12 01:11:39,415 - INFO - Recommended videos: ['pjbI_p4MM2I', 'Jl55yShoa1s', 'YheexqPviMc', 'ymTjYXA9MWw', 'f8DO55VB6ro', 'uj5OWedXfD4', 'OYcYv174KQ4', 'JYLDL8dnFe8', '8uuYm7KDm_A', 'uZwzbA91Yno']
2022-05-12 01:11:39,582 - INFO - Watching video for 31 seconds.
2022-05-12 01:12:10,583 - INFO - 
DONE!
