2022-05-12 10:26:44,224 - INFO - Created bot in community alt-right and scrubbing strategy not interested
2022-05-12 10:26:44,225 - INFO - SETUP PHASE
2022-05-12 10:26:44,225 - INFO - Attempting login with username "kendalltracy61" and password "scrub2022".
2022-05-12 10:27:03,261 - INFO - Login succeeded at attempt #1
2022-05-12 10:27:08,265 - INFO - 
SCRUB PHASE
2022-05-12 10:27:08,269 - INFO - Loading homepage.
2022-05-12 10:27:25,673 - INFO - Saving homepage.
2022-05-12 10:27:25,959 - INFO - Recommended videos: ['fxwVUbYXVJg', 'XYC0ekh-KqU', 'ihaB8AFOhZo', 'wv87IRX9qlA', '0b4TU_R7J3c', 'W86cTIoMv2U', 'SG3nm-Autsg', '2WoDQBhJCVQ', 'T2Qu7cgwJmw', 'uonlYQn7F1s']
2022-05-12 10:27:30,979 - INFO - Checking homepage for video from unwanted channel.
2022-05-12 10:27:31,278 - INFO - Found video fxwVUbYXVJg from unwanted channel UCHC60upCUfq7EAfw6oDQRDA.
2022-05-12 10:27:36,387 - INFO - Attempting to click the not interested button
2022-05-12 10:27:42,667 - INFO - Clicked!
2022-05-12 10:28:04,229 - INFO - Loading homepage.
2022-05-12 10:28:16,835 - INFO - Saving homepage.
2022-05-12 10:28:17,114 - INFO - Recommended videos: ['uTp8AAx8SE4', 'yTCq4BAfUVQ', 'wv87IRX9qlA', 'T2Qu7cgwJmw', 'unOeqzSPEIM', 'W86cTIoMv2U', '2ZEA7O3qdnE', 'a8Gx8wiNbs8', 'Q4P0K8wyt8U', 'r76GJDP0uWQ']
2022-05-12 10:28:22,137 - INFO - Checking homepage for video from unwanted channel.
2022-05-12 10:28:22,440 - INFO - Found video uTp8AAx8SE4 from unwanted channel UCHC60upCUfq7EAfw6oDQRDA.
2022-05-12 10:28:27,467 - INFO - Attempting to click the not interested button
2022-05-12 10:28:32,792 - INFO - Clicked!
2022-05-12 10:28:53,230 - INFO - Loading homepage.
2022-05-12 10:29:04,936 - INFO - Saving homepage.
2022-05-12 10:29:05,202 - INFO - Recommended videos: ['ASZooYTwgEo', 'wv87IRX9qlA', 'KzxR5_w8hhQ', 'XxEhuSJF780', 'pSchqVaAFgw', 'Rt5nV2hayPg', 'FElsJK0u8fE', 'ihaB8AFOhZo', 'tZafawk3arc', 'fO3dKSQayfg']
2022-05-12 10:29:10,211 - INFO - Checking homepage for video from unwanted channel.
2022-05-12 10:29:10,466 - INFO - Found video ASZooYTwgEo from unwanted channel UCVO8YsD87ibqRGIJ7o8sOzg.
2022-05-12 10:29:15,488 - INFO - Attempting to click the not interested button
2022-05-12 10:29:20,775 - INFO - Clicked!
2022-05-12 10:29:41,129 - INFO - Loading homepage.
2022-05-12 10:29:52,909 - INFO - Saving homepage.
2022-05-12 10:29:53,166 - INFO - Recommended videos: ['YFQ-QsuOCR4', 'W86cTIoMv2U', 'S18kxyJGFns', 'KzxR5_w8hhQ', 'zwmHA5ZsmIE', 'z6KKo85V9Ew', '4fWkoeUTa3s', 'Stnjj62JgwE', 'JaQarnFbyD8', '1JYjcwW9MmM']
2022-05-12 10:29:58,175 - INFO - Checking homepage for video from unwanted channel.
2022-05-12 10:29:58,429 - INFO - No videos from unwanted channels were found.
2022-05-12 10:30:08,451 - ERROR - Error! Saving html to ./failures/alt-right_not_interested_1.html
Traceback (most recent call last):
  File "/Users/avliu/Documents/Research/youtube_audits/burst/scrub_main_2.py", line 159, in main
    scrub_experiment(bot)
  File "/Users/avliu/Documents/Research/youtube_audits/burst/scrub_main_2.py", line 145, in scrub_experiment
    scrub(bot)
  File "/Users/avliu/Documents/Research/youtube_audits/burst/scrub_main_2.py", line 99, in scrub
    bot.not_interested()
  File "/Users/avliu/Documents/Research/youtube_audits/burst/scrubber.py", line 548, in not_interested
    tell_us_why_button = self.driver.find_element(By.CSS_SELECTOR, '[aria-label="Tell us why"]')
  File "/Users/avliu/opt/anaconda3/envs/burst/lib/python3.10/site-packages/selenium/webdriver/remote/webdriver.py", line 976, in find_element
    return self.execute(Command.FIND_ELEMENT, {
  File "/Users/avliu/opt/anaconda3/envs/burst/lib/python3.10/site-packages/selenium/webdriver/remote/webdriver.py", line 321, in execute
    self.error_handler.check_response(response)
  File "/Users/avliu/opt/anaconda3/envs/burst/lib/python3.10/site-packages/selenium/webdriver/remote/errorhandler.py", line 242, in check_response
    raise exception_class(message, screen, stacktrace)
selenium.common.exceptions.NoSuchElementException: Message: no such element: Unable to locate element: {"method":"css selector","selector":"[aria-label="Tell us why"]"}
  (Session info: chrome=101.0.4951.64)

