2022-05-12 10:37:43,843 - INFO - Created bot in community alt-right and scrubbing strategy not interested
2022-05-12 10:37:43,843 - INFO - SETUP PHASE
2022-05-12 10:37:43,843 - INFO - Attempting login with username "kendalltracy61" and password "scrub2022".
2022-05-12 10:38:07,379 - INFO - Login succeeded at attempt #1
2022-05-12 10:38:12,385 - INFO - 
SCRUB PHASE
2022-05-12 10:38:12,386 - INFO - Loading homepage.
2022-05-12 10:38:30,972 - INFO - Saving homepage.
2022-05-12 10:38:33,988 - INFO - Recommended videos: ['28yRhr-_1jg', 'ihaB8AFOhZo', 'yTCq4BAfUVQ', 'vZ9myHhpS9s', 'bE0oQfFYVLY', 'myO8fxhDRW0', '_w6Uxclog7E', 'W86cTIoMv2U', 'T2Qu7cgwJmw', 'eH4k6T5CEnU']
2022-05-12 10:38:39,024 - INFO - Checking homepage for video from unwanted channel.
2022-05-12 10:38:39,295 - INFO - No videos from unwanted channels were found.
2022-05-12 10:38:54,305 - INFO - Loading homepage.
2022-05-12 10:39:06,230 - INFO - Saving homepage.
2022-05-12 10:39:06,495 - INFO - Recommended videos: ['024Fmd9ZIH0', 'ihaB8AFOhZo', 'J_TEiWkzQXM', 'EGja_87Wgug', 'H18l8VoXflU', 'P6fRp1S67W8', 'aPC_h9Vmlxw', 'vwIUJbIU57s', '28yRhr-_1jg', 'z6KKo85V9Ew']
2022-05-12 10:39:11,511 - INFO - Checking homepage for video from unwanted channel.
2022-05-12 10:39:11,794 - INFO - No videos from unwanted channels were found.
2022-05-12 10:39:26,810 - INFO - Loading homepage.
2022-05-12 10:39:38,314 - INFO - Saving homepage.
2022-05-12 10:39:38,577 - INFO - Recommended videos: ['JaQarnFbyD8', 'shoVsQhou-8', 'ihaB8AFOhZo', 'LiXL3Pc81c4', 'H18l8VoXflU', 'K0GPCmm1F3o', 'E-_rlxGb7II', 'aiRLejymIn8', 'Q4P0K8wyt8U', 'eH4k6T5CEnU']
2022-05-12 10:39:43,588 - INFO - Checking homepage for video from unwanted channel.
2022-05-12 10:39:43,856 - INFO - No videos from unwanted channels were found.
2022-05-12 10:39:58,868 - INFO - Loading homepage.
2022-05-12 10:40:10,787 - INFO - Saving homepage.
2022-05-12 10:40:11,048 - INFO - Recommended videos: ['YFQ-QsuOCR4', 'AawLM81gIHo', 'SzuZnh91U8E', 'Rt5nV2hayPg', 'H18l8VoXflU', 'lbH_8Nj51HU', '1cB5JZcosr4', 'EGja_87Wgug', 'jDTi2eMW26U', 'vAiuLJoWJl0']
2022-05-12 10:40:16,058 - INFO - Checking homepage for video from unwanted channel.
2022-05-12 10:40:16,317 - INFO - No videos from unwanted channels were found.
2022-05-12 10:40:31,329 - INFO - Loading homepage.
2022-05-12 10:40:42,357 - INFO - Saving homepage.
2022-05-12 10:40:42,633 - INFO - Recommended videos: ['wv87IRX9qlA', 'ihaB8AFOhZo', 'Rt5nV2hayPg', 'EX5hcbzZCow', 'bE0oQfFYVLY', 'yTCq4BAfUVQ', 'YFQ-QsuOCR4', 'EGja_87Wgug', 'n5x7GLl-mMo', '28yRhr-_1jg']
2022-05-12 10:40:47,647 - INFO - Checking homepage for video from unwanted channel.
2022-05-12 10:40:47,907 - INFO - Found video wv87IRX9qlA from unwanted channel UCur6nu-T7FilkEztCm_S8yA.
2022-05-12 10:40:53,007 - INFO - Attempting to click the not interested button
2022-05-12 10:40:59,452 - INFO - Clicked!
2022-05-12 10:41:23,868 - INFO - Loading homepage.
2022-05-12 10:41:35,654 - INFO - Saving homepage.
2022-05-12 10:41:35,922 - INFO - Recommended videos: ['024Fmd9ZIH0', 'PhKk4Ix84AI', 'EGja_87Wgug', 'fgfnOegkcDs', 'w44BPmeVFzw', 'VgjyPmFKxCU', 'T2Qu7cgwJmw', 'Sv0Hp_nAsCI', 'Kv1FqRJyGNM', 'eH4k6T5CEnU']
2022-05-12 10:41:40,935 - INFO - Checking homepage for video from unwanted channel.
2022-05-12 10:41:41,196 - INFO - No videos from unwanted channels were found.
2022-05-12 10:41:56,211 - INFO - Loading homepage.
2022-05-12 10:42:07,169 - INFO - Saving homepage.
2022-05-12 10:42:07,429 - INFO - Recommended videos: ['r3kVPx4oEKc', 'yTCq4BAfUVQ', 'EGja_87Wgug', 'H18l8VoXflU', 'LiXL3Pc81c4', 'JaQarnFbyD8', '1cB5JZcosr4', 'S4O5voOCqAQ', '4IcVIF3_708', '1JYjcwW9MmM']
2022-05-12 10:42:12,438 - INFO - Checking homepage for video from unwanted channel.
2022-05-12 10:42:12,692 - INFO - No videos from unwanted channels were found.
2022-05-12 10:42:27,704 - INFO - Loading homepage.
2022-05-12 10:42:38,944 - INFO - Saving homepage.
2022-05-12 10:42:39,205 - INFO - Recommended videos: ['KzxR5_w8hhQ', 'SzuZnh91U8E', 'Rt5nV2hayPg', 'vZ9myHhpS9s', 'iz9nsEjSS1o', '4fezP875xOQ', 'JaQarnFbyD8', 'xTW1wKnWhsM', 'T2Qu7cgwJmw', 'jnk41BXuXF0']
2022-05-12 10:42:44,214 - INFO - Checking homepage for video from unwanted channel.
2022-05-12 10:42:44,488 - INFO - No videos from unwanted channels were found.
2022-05-12 10:42:59,496 - INFO - Loading homepage.
2022-05-12 10:43:10,471 - INFO - Saving homepage.
2022-05-12 10:43:10,728 - INFO - Recommended videos: ['28yRhr-_1jg', 'AdzqdAQDqgI', 'qe3UcJ0CAxI', '1cB5JZcosr4', '2WoDQBhJCVQ', 'SORD03t7nlo', 'myO8fxhDRW0', '7XS5ssBK6gY', 'a8Gx8wiNbs8', 'W-FCx_82csA']
2022-05-12 10:43:15,738 - INFO - Checking homepage for video from unwanted channel.
2022-05-12 10:43:15,997 - INFO - No videos from unwanted channels were found.
2022-05-12 10:43:31,012 - INFO - Loading homepage.
2022-05-12 10:43:42,511 - INFO - Saving homepage.
2022-05-12 10:43:42,809 - INFO - Recommended videos: ['65nfbW-27ps', 'qe3UcJ0CAxI', 'yTCq4BAfUVQ', 'JaQarnFbyD8', 'Rt5nV2hayPg', 'EGja_87Wgug', '2WoDQBhJCVQ', 'XYC0ekh-KqU', 'r3kVPx4oEKc', 'xTW1wKnWhsM']
2022-05-12 10:43:47,819 - INFO - Checking homepage for video from unwanted channel.
2022-05-12 10:43:48,080 - INFO - Found video XYC0ekh-KqU from unwanted channel UCutpp9X6rKErxUkv4wKBRPA.
2022-05-12 10:43:53,148 - INFO - Attempting to click the not interested button
2022-05-12 10:43:58,433 - INFO - Clicked!
2022-05-12 10:44:18,847 - INFO - Loading homepage.
2022-05-12 10:44:30,378 - INFO - Saving homepage.
2022-05-12 10:44:30,641 - INFO - Recommended videos: ['KzxR5_w8hhQ', 'shoVsQhou-8', 'W86cTIoMv2U', 'hOxjwbtxqyI', 'qe3UcJ0CAxI', 'PM26zdserHg', 'NiwRwvZR8m4', 'z6KKo85V9Ew', 'T2Qu7cgwJmw', 'qNgifPzF1fI']
2022-05-12 10:44:35,651 - INFO - Checking homepage for video from unwanted channel.
2022-05-12 10:44:35,910 - INFO - No videos from unwanted channels were found.
2022-05-12 10:44:50,917 - INFO - Loading homepage.
2022-05-12 10:45:02,158 - INFO - Saving homepage.
2022-05-12 10:45:02,448 - INFO - Recommended videos: ['r3kVPx4oEKc', '4fezP875xOQ', 'W86cTIoMv2U', 'EGja_87Wgug', 'bE0oQfFYVLY', 'BhbhiQZwjf4', 'vZ9myHhpS9s', '3Yh_6_zItPU', 'aBHbG7qWIeQ', 'T2Qu7cgwJmw']
2022-05-12 10:45:07,466 - INFO - Checking homepage for video from unwanted channel.
2022-05-12 10:45:07,738 - INFO - No videos from unwanted channels were found.
2022-05-12 10:45:22,750 - INFO - Loading homepage.
2022-05-12 10:45:33,796 - INFO - Saving homepage.
2022-05-12 10:45:34,053 - INFO - Recommended videos: ['iE8FJdJlnnw', 'IXgfUk0WmDE', 'AdzqdAQDqgI', 'r3kVPx4oEKc', 'EGja_87Wgug', 'LwXV0oLEfCM', 'xTW1wKnWhsM', 'LiXL3Pc81c4', 'eklhXby-XBg', 'Q4P0K8wyt8U']
2022-05-12 10:45:39,062 - INFO - Checking homepage for video from unwanted channel.
2022-05-12 10:45:39,317 - INFO - No videos from unwanted channels were found.
2022-05-12 10:45:54,331 - INFO - Loading homepage.
2022-05-12 10:46:05,356 - INFO - Saving homepage.
2022-05-12 10:46:05,671 - INFO - Recommended videos: ['i2gNx4-REIA', '4fezP875xOQ', 'JdGqz2usdlc', 'MWKQ_qHpl4g', 'K1deLdDENAI', 'NHf56w1AmPw', '80CLoQsigTY', 'tr5SuBwVc7Q', 'asirR98_dys', 'OzO8EAOEGJ8']
2022-05-12 10:46:10,682 - INFO - Checking homepage for video from unwanted channel.
2022-05-12 10:46:10,974 - INFO - No videos from unwanted channels were found.
2022-05-12 10:46:25,992 - INFO - Loading homepage.
2022-05-12 10:46:38,064 - INFO - Saving homepage.
2022-05-12 10:46:38,421 - INFO - Recommended videos: ['KzxR5_w8hhQ', 'shoVsQhou-8', 'JdGqz2usdlc', 'MWKQ_qHpl4g', 'K1deLdDENAI', 'NHf56w1AmPw', '80CLoQsigTY', 'tr5SuBwVc7Q', 'asirR98_dys', 'OzO8EAOEGJ8']
2022-05-12 10:46:43,439 - INFO - Checking homepage for video from unwanted channel.
2022-05-12 10:46:43,716 - INFO - No videos from unwanted channels were found.
2022-05-12 10:46:58,730 - INFO - Loading homepage.
2022-05-12 10:47:09,745 - INFO - Saving homepage.
2022-05-12 10:47:10,070 - INFO - Recommended videos: ['YFQ-QsuOCR4', 'T3AuplcGNyo', 'JdGqz2usdlc', 'MWKQ_qHpl4g', 'K1deLdDENAI', 'NHf56w1AmPw', '80CLoQsigTY', 'tr5SuBwVc7Q', 'asirR98_dys', 'OzO8EAOEGJ8']
2022-05-12 10:47:15,080 - INFO - Checking homepage for video from unwanted channel.
2022-05-12 10:47:15,345 - INFO - No videos from unwanted channels were found.
2022-05-12 10:47:30,359 - INFO - Loading homepage.
2022-05-12 10:47:41,751 - INFO - Saving homepage.
2022-05-12 10:47:41,997 - INFO - Recommended videos: ['KzxR5_w8hhQ', 'VTVIan3gtYA', 'qe3UcJ0CAxI', 'EGja_87Wgug', 'Kv1FqRJyGNM', 'H18l8VoXflU', 'LiXL3Pc81c4', 'r3kVPx4oEKc', 'ORtRIUYOqmU', 'jexFvTZW2-A']
2022-05-12 10:47:47,010 - INFO - Checking homepage for video from unwanted channel.
2022-05-12 10:47:47,281 - INFO - No videos from unwanted channels were found.
2022-05-12 10:48:02,289 - INFO - Loading homepage.
2022-05-12 10:48:13,387 - INFO - Saving homepage.
2022-05-12 10:48:13,640 - INFO - Recommended videos: ['KzxR5_w8hhQ', 'yTCq4BAfUVQ', 'NFuBaRiKwD4', 'EGja_87Wgug', 'SlXBIB1SM38', 'JaQarnFbyD8', 'W86cTIoMv2U', 'EJiUWBiM8HE', 'Q0ZEmLosVXE', 'r3kVPx4oEKc']
2022-05-12 10:48:18,650 - INFO - Checking homepage for video from unwanted channel.
2022-05-12 10:48:18,900 - INFO - No videos from unwanted channels were found.
2022-05-12 10:48:33,914 - INFO - Loading homepage.
2022-05-12 10:48:45,336 - INFO - Saving homepage.
2022-05-12 10:48:45,583 - INFO - Recommended videos: ['KzxR5_w8hhQ', 'v7DTxUHNBu4', 'EGja_87Wgug', 'z6KKo85V9Ew', 'T2Qu7cgwJmw', 'H18l8VoXflU', 'ErRsMTmdQb4', '1GVhHCSxnFY', 'eZCo_hZLyh0', 'jnk41BXuXF0']
2022-05-12 10:48:50,591 - INFO - Checking homepage for video from unwanted channel.
2022-05-12 10:48:50,804 - INFO - No videos from unwanted channels were found.
2022-05-12 10:49:05,819 - INFO - Loading homepage.
2022-05-12 10:49:17,035 - INFO - Saving homepage.
2022-05-12 10:49:17,306 - INFO - Recommended videos: ['NOpzCn4irJ8', 'SzuZnh91U8E', 'yTCq4BAfUVQ', 'oSwZ_BckDvc', 'JaQarnFbyD8', '1cB5JZcosr4', 'JvgF83OHV9c', 'F1gK85IEeDI', '2WoDQBhJCVQ', 'S4O5voOCqAQ']
2022-05-12 10:49:22,339 - INFO - Checking homepage for video from unwanted channel.
2022-05-12 10:49:22,605 - INFO - No videos from unwanted channels were found.
2022-05-12 10:49:37,624 - INFO - Loading homepage.
2022-05-12 10:49:48,785 - INFO - Saving homepage.
2022-05-12 10:49:49,039 - INFO - Recommended videos: ['KzxR5_w8hhQ', 'AdzqdAQDqgI', 'EGja_87Wgug', 'z6KKo85V9Ew', 'NdrknJJXAmM', 'bE0oQfFYVLY', 'LiXL3Pc81c4', 'PLxPAwIeL0w', 'vZ9myHhpS9s', 'myO8fxhDRW0']
2022-05-12 10:49:54,054 - INFO - Checking homepage for video from unwanted channel.
2022-05-12 10:49:54,303 - INFO - No videos from unwanted channels were found.
2022-05-12 10:50:09,311 - INFO - Loading homepage.
2022-05-12 10:50:20,619 - INFO - Saving homepage.
2022-05-12 10:50:20,887 - INFO - Recommended videos: ['024Fmd9ZIH0', 'AawLM81gIHo', 'qe3UcJ0CAxI', '1lEnMmH9qh4', 'EGja_87Wgug', 'bE0oQfFYVLY', 'J_TEiWkzQXM', 'JaQarnFbyD8', 'PLxPAwIeL0w', 'T2Qu7cgwJmw']
2022-05-12 10:50:25,912 - INFO - Checking homepage for video from unwanted channel.
2022-05-12 10:50:26,161 - INFO - No videos from unwanted channels were found.
2022-05-12 10:50:41,170 - INFO - Loading homepage.
2022-05-12 10:50:52,210 - INFO - Saving homepage.
2022-05-12 10:50:52,499 - INFO - Recommended videos: ['KzxR5_w8hhQ', 'tq32Q5cKhkQ', 'YFQ-QsuOCR4', 'JaQarnFbyD8', 'EGja_87Wgug', 'T2Qu7cgwJmw', 'W86cTIoMv2U', '7O5Wu948TH4', 'eH4k6T5CEnU', '3C0BdIn6Hdo']
2022-05-12 10:50:57,509 - INFO - Checking homepage for video from unwanted channel.
2022-05-12 10:50:57,756 - INFO - No videos from unwanted channels were found.
2022-05-12 10:51:12,766 - INFO - Loading homepage.
2022-05-12 10:51:23,836 - INFO - Saving homepage.
2022-05-12 10:51:24,085 - INFO - Recommended videos: ['KzxR5_w8hhQ', 'T3AuplcGNyo', 'SzuZnh91U8E', 'YFQ-QsuOCR4', 'Rt5nV2hayPg', 'z6KKo85V9Ew', 'LiXL3Pc81c4', 'LwXV0oLEfCM', '-Xx9qqjKxeY', 'T2Qu7cgwJmw']
2022-05-12 10:51:29,095 - INFO - Checking homepage for video from unwanted channel.
2022-05-12 10:51:29,345 - INFO - No videos from unwanted channels were found.
2022-05-12 10:51:44,356 - INFO - Loading homepage.
2022-05-12 10:51:55,980 - INFO - Saving homepage.
2022-05-12 10:51:56,226 - INFO - Recommended videos: ['KzxR5_w8hhQ', 'shoVsQhou-8', 'Rt5nV2hayPg', 'vZ9myHhpS9s', 'z6KKo85V9Ew', 'EGja_87Wgug', 'J_TEiWkzQXM', 'fgfnOegkcDs', 'V2RDitgCaD0', 'a8Gx8wiNbs8']
2022-05-12 10:52:01,235 - INFO - Checking homepage for video from unwanted channel.
2022-05-12 10:52:01,482 - INFO - No videos from unwanted channels were found.
2022-05-12 10:52:16,489 - INFO - Loading homepage.
2022-05-12 10:52:27,489 - INFO - Saving homepage.
2022-05-12 10:52:27,732 - INFO - Recommended videos: ['024Fmd9ZIH0', 'kGhHPX_TaI0', 'Rt5nV2hayPg', 'Sz7KTe72UKo', 'aRNlVNuqDvc', 'H18l8VoXflU', 'GWi5AZ94xRU', 'ukxE99DqP_k', 'jexFvTZW2-A', 'C3I4wpHshuw']
2022-05-12 10:52:32,743 - INFO - Checking homepage for video from unwanted channel.
2022-05-12 10:52:32,989 - INFO - No videos from unwanted channels were found.
2022-05-12 10:52:47,999 - INFO - Loading homepage.
2022-05-12 10:52:59,304 - INFO - Saving homepage.
2022-05-12 10:52:59,565 - INFO - Recommended videos: ['KzxR5_w8hhQ', 'mIYzp5rcTvU', 'qe3UcJ0CAxI', '1lEnMmH9qh4', 'NS4UT_t73b0', 'Rt5nV2hayPg', 'LiXL3Pc81c4', 'myO8fxhDRW0', 'VlCQ2pBob5Q', 'EGja_87Wgug']
2022-05-12 10:53:04,581 - INFO - Checking homepage for video from unwanted channel.
2022-05-12 10:53:05,006 - INFO - No videos from unwanted channels were found.
2022-05-12 10:53:20,032 - INFO - Loading homepage.
2022-05-12 10:53:30,988 - INFO - Saving homepage.
2022-05-12 10:53:31,239 - INFO - Recommended videos: ['C3I4wpHshuw', 'yTCq4BAfUVQ', 'oSwZ_BckDvc', '2WoDQBhJCVQ', 'vZ9myHhpS9s', 'myO8fxhDRW0', 'E-_rlxGb7II', 'xTW1wKnWhsM', '1GVhHCSxnFY', 'Q4P0K8wyt8U']
2022-05-12 10:53:36,248 - INFO - Checking homepage for video from unwanted channel.
2022-05-12 10:53:36,517 - INFO - No videos from unwanted channels were found.
2022-05-12 10:53:51,532 - INFO - Loading homepage.
2022-05-12 10:54:02,513 - INFO - Saving homepage.
2022-05-12 10:54:02,763 - INFO - Recommended videos: ['eH4k6T5CEnU', 'LiXL3Pc81c4', '5CVSIa9606Y', 'Q0u0KKAbIoo', 'a8Gx8wiNbs8', '4DBZJSZdBlY', 'EGja_87Wgug', 'Kv1FqRJyGNM', 'Q4P0K8wyt8U', 'BFuP6LxJlSg']
2022-05-12 10:54:07,773 - INFO - Checking homepage for video from unwanted channel.
2022-05-12 10:54:08,028 - INFO - No videos from unwanted channels were found.
2022-05-12 10:54:23,037 - INFO - Loading homepage.
2022-05-12 10:54:34,013 - INFO - Saving homepage.
2022-05-12 10:54:34,267 - INFO - Recommended videos: ['C3I4wpHshuw', 'SzuZnh91U8E', 'PhKk4Ix84AI', 'JaQarnFbyD8', 'EGja_87Wgug', 'bPhUhypV27w', 'T2Qu7cgwJmw', 'b3XqNW3Bd10', 'qzTwBQniLSc', 'RiSeXvUyQZQ']
2022-05-12 10:54:39,277 - INFO - Checking homepage for video from unwanted channel.
2022-05-12 10:54:39,541 - INFO - No videos from unwanted channels were found.
2022-05-12 10:54:54,554 - INFO - Loading homepage.
2022-05-12 10:55:05,517 - INFO - Saving homepage.
2022-05-12 10:55:05,770 - INFO - Recommended videos: ['Sv0Hp_nAsCI', 'oSwZ_BckDvc', '_4kHxtiuML0', 'j0c_I7MWB1U', 'W86cTIoMv2U', 'H18l8VoXflU', 'aBHbG7qWIeQ', 'HYNB4sAxemk', '1cB5JZcosr4', 'bFYWNDCAQdY']
2022-05-12 10:55:10,780 - INFO - Checking homepage for video from unwanted channel.
2022-05-12 10:55:11,026 - INFO - No videos from unwanted channels were found.
2022-05-12 10:55:26,043 - INFO - Loading homepage.
2022-05-12 10:55:37,022 - INFO - Saving homepage.
2022-05-12 10:55:37,287 - INFO - Recommended videos: ['KzxR5_w8hhQ', 'yTCq4BAfUVQ', 'Rt5nV2hayPg', 'NNl7GQFTULU', 'T2Qu7cgwJmw', 'bE0oQfFYVLY', '_4UR0MUBnOM', 'r3kVPx4oEKc', 'Kv1FqRJyGNM', 'qU7YXMAicK4']
2022-05-12 10:55:42,299 - INFO - Checking homepage for video from unwanted channel.
2022-05-12 10:55:42,563 - INFO - No videos from unwanted channels were found.
2022-05-12 10:55:57,578 - INFO - Loading homepage.
2022-05-12 10:56:08,914 - INFO - Saving homepage.
2022-05-12 10:56:09,178 - INFO - Recommended videos: ['K2JOFiMBcr8', 'shoVsQhou-8', 'JaQarnFbyD8', 'iz9nsEjSS1o', 'YFQ-QsuOCR4', 'KzxR5_w8hhQ', 'hWTe3C_RoDo', 'Rt5nV2hayPg', 'r76GJDP0uWQ', 'myO8fxhDRW0']
2022-05-12 10:56:14,187 - INFO - Checking homepage for video from unwanted channel.
2022-05-12 10:56:14,421 - INFO - No videos from unwanted channels were found.
2022-05-12 10:56:29,434 - INFO - Loading homepage.
2022-05-12 10:56:40,903 - INFO - Saving homepage.
2022-05-12 10:56:41,182 - INFO - Recommended videos: ['024Fmd9ZIH0', 'yTCq4BAfUVQ', 'Rt5nV2hayPg', '-Xx9qqjKxeY', 'myO8fxhDRW0', 'bE0oQfFYVLY', 'Geb_QFxp_hs', 'T2Qu7cgwJmw', '3IVQ-1t92hA', 'xTW1wKnWhsM']
2022-05-12 10:56:46,201 - INFO - Checking homepage for video from unwanted channel.
2022-05-12 10:56:46,455 - INFO - No videos from unwanted channels were found.
2022-05-12 10:57:01,460 - INFO - Loading homepage.
2022-05-12 10:57:12,620 - INFO - Saving homepage.
2022-05-12 10:57:12,868 - INFO - Recommended videos: ['KzxR5_w8hhQ', 'YzoPmyelSzw', 'vZ9myHhpS9s', '-Xx9qqjKxeY', 'aBHbG7qWIeQ', 'H18l8VoXflU', '_4UR0MUBnOM', 'EJiUWBiM8HE', 'xTW1wKnWhsM', '0FvBxPVgv7g']
2022-05-12 10:57:17,877 - INFO - Checking homepage for video from unwanted channel.
2022-05-12 10:57:18,135 - INFO - No videos from unwanted channels were found.
2022-05-12 10:57:33,143 - INFO - Loading homepage.
2022-05-12 10:57:44,090 - INFO - Saving homepage.
2022-05-12 10:57:44,299 - INFO - Recommended videos: ['024Fmd9ZIH0', 'J_TEiWkzQXM', '1cB5JZcosr4', 'j0c_I7MWB1U', 'rPbBLcZo894', 'bE0oQfFYVLY', 'yTCq4BAfUVQ', 'myO8fxhDRW0', 'LwXV0oLEfCM', 'oSwZ_BckDvc']
2022-05-12 10:57:49,309 - INFO - Checking homepage for video from unwanted channel.
2022-05-12 10:57:49,559 - INFO - No videos from unwanted channels were found.
2022-05-12 10:58:04,570 - INFO - Loading homepage.
2022-05-12 10:58:15,533 - INFO - Saving homepage.
2022-05-12 10:58:15,782 - INFO - Recommended videos: ['JaQarnFbyD8', 'dS-7U56ubnw', 'W86cTIoMv2U', 'CQ92cggLMx8', 'AvcAovqG5Kk', 'vZ9myHhpS9s', 'z7rxl5KsPjs', 'NNl7GQFTULU', '1cB5JZcosr4', 'iynHkI8fIKI']
2022-05-12 10:58:20,792 - INFO - Checking homepage for video from unwanted channel.
2022-05-12 10:58:21,049 - INFO - No videos from unwanted channels were found.
2022-05-12 10:58:36,060 - INFO - Loading homepage.
2022-05-12 10:58:47,313 - INFO - Saving homepage.
2022-05-12 10:58:47,577 - INFO - Recommended videos: ['JaQarnFbyD8', 'yTCq4BAfUVQ', 'myO8fxhDRW0', '-Xx9qqjKxeY', '_8mgD91sXgE', 'bE0oQfFYVLY', 'J_TEiWkzQXM', 'T2Qu7cgwJmw', '6iwwBh7guTA', 'a8Gx8wiNbs8']
2022-05-12 10:58:52,583 - INFO - Checking homepage for video from unwanted channel.
2022-05-12 10:58:52,814 - INFO - No videos from unwanted channels were found.
2022-05-12 10:59:07,823 - INFO - Loading homepage.
2022-05-12 10:59:18,727 - INFO - Saving homepage.
2022-05-12 10:59:18,977 - INFO - Recommended videos: ['JaQarnFbyD8', 'SORD03t7nlo', '024Fmd9ZIH0', 'MSt4hkIc7L8', 'myO8fxhDRW0', 'bE0oQfFYVLY', 'ocF6s2yDdGM', '2fWRgzEofzA', 'Q4P0K8wyt8U', 'eH4k6T5CEnU']
2022-05-12 10:59:23,988 - INFO - Checking homepage for video from unwanted channel.
2022-05-12 10:59:24,242 - INFO - No videos from unwanted channels were found.
2022-05-12 10:59:39,255 - INFO - Loading homepage.
2022-05-12 10:59:50,398 - INFO - Saving homepage.
2022-05-12 10:59:50,645 - INFO - Recommended videos: ['DW6PRToUlOU', '-yFeZekJxZ8', 'j0c_I7MWB1U', '1cB5JZcosr4', 'qtlPTE-UmY4', 'oSwZ_BckDvc', '_4UR0MUBnOM', 'UvjSXBqQe4A', 'i7fYefWReMA', 'w86sDrAtq-0']
2022-05-12 10:59:55,656 - INFO - Checking homepage for video from unwanted channel.
2022-05-12 10:59:55,901 - INFO - No videos from unwanted channels were found.
2022-05-12 11:00:10,913 - INFO - 
TEARDOWN PHASE
2022-05-12 11:00:10,913 - INFO - Loading homepage.
2022-05-12 11:00:21,907 - INFO - Saving homepage.
2022-05-12 11:00:22,164 - INFO - Recommended videos: ['z6KKo85V9Ew', '-Xx9qqjKxeY', 'HA6nSQawROM', 'K0GPCmm1F3o', 'KzxR5_w8hhQ', 'H18l8VoXflU', 'JvgF83OHV9c', '5qap5aO4i9A', 'myO8fxhDRW0', 'Q4P0K8wyt8U']
2022-05-12 11:00:27,175 - INFO - Loading video ID Av2bJT8WXds.
2022-05-12 11:00:38,499 - INFO - Saving videopage
2022-05-12 11:00:38,756 - INFO - Recommended videos: ['B4hmI4zXKYs', 'Jl55yShoa1s', 'i0krQJHz6uI', 'YheexqPviMc', 'OYcYv174KQ4', 'u1KuD3U7z3U', 'abDLUhw-53w', 'zzICMIu5zFY', 'VypAR0q-bTo', '8uuYm7KDm_A']
2022-05-12 11:00:43,935 - INFO - Clearing watch history.
2022-05-12 11:01:01,279 - INFO - Clearing "not interested" and "dont recommend channel" selections.
2022-05-12 11:01:18,208 - INFO - Clearing likes and dislikes.
2022-05-12 11:01:34,040 - INFO - Clearing subscriptions.
2022-05-12 11:01:44,624 - INFO - 
DONE!
