2022-05-11 15:07:16,705 - INFO - Created bot in community alt-right and scrubbing strategy watch
2022-05-11 15:07:16,705 - INFO - SETUP PHASE
2022-05-11 15:07:16,705 - INFO - We are in TEST mode
2022-05-11 15:07:16,705 - INFO - Attempting login with username "Tandy.Dakota" and password "scrub2022".
2022-05-11 15:07:52,035 - INFO - Login succeeded at attempt #1
2022-05-11 15:07:57,041 - INFO - 
STAIN PHASE
2022-05-11 15:07:57,041 - INFO - Loading homepage.
2022-05-11 15:08:16,966 - INFO - Saving homepage.
2022-05-11 15:08:18,240 - INFO - Recommended videos: ['Y0Uj1RA7Cgk', '15n5MZNU3Hg', '1crk7Na2h3w', 'vuHuKvhG88U', 'JXWuxMQx_N4', 'K6WX5mgLwMk', '28yRhr-_1jg', '4PPTu4g2_hg', '2rUV4TAP46U', 'JaQarnFbyD8']
2022-05-11 15:08:23,262 - INFO - Loading video ID u8GMYIs4cRI.
2022-05-11 15:08:35,928 - INFO - Saving videopage
2022-05-11 15:08:36,175 - INFO - Recommended videos: ['s4gO2RQR-bM', 'r1r-75_M_h8', 'vTo0crpK8Zs', 'tOHUwwP6LLs', 'Y5QewBUQJDw', 'fN1iZunR_K4', '7gHQHj5aZ5E', 'ouZrZa5pLXk', '_2un1aU7mT0', 'LNRBhq2oV8k']
2022-05-11 15:08:36,348 - INFO - Watching video for 135 seconds.
2022-05-11 15:10:51,355 - INFO - Loading homepage.
2022-05-11 15:11:03,753 - INFO - Saving homepage.
2022-05-11 15:11:04,100 - INFO - Recommended videos: ['Motv8vsMHDA', 'q-yZ7497YPc', 'ihaB8AFOhZo', '1crk7Na2h3w', 'JXWuxMQx_N4', '28yRhr-_1jg', 'K6WX5mgLwMk', '3Sh06VUiXaA', 'vuHuKvhG88U', 'SA2Rc84_D_k']
2022-05-11 15:11:09,113 - INFO - Loading video ID Cphq4DZfFLw.
2022-05-11 15:11:20,324 - INFO - Saving videopage
2022-05-11 15:11:20,580 - INFO - Recommended videos: ['QbxinUJcLGg', 'PwXOEFK6Swo', 'a8jcNBVWJyE', 'T-S6UdcO7No', 'lCN6FjqDcHg', 'e4PTvXtz4GM', '6diqpGKOvic', 'RxCXOoaKYRE', 'W63nH1UTJg8', 'LmSuP1jtoTM']
2022-05-11 15:11:20,760 - INFO - Watching video for 30 seconds.
2022-05-11 15:11:50,765 - INFO - Loading homepage.
2022-05-11 15:12:02,247 - INFO - Saving homepage.
2022-05-11 15:12:02,542 - INFO - Recommended videos: ['Motv8vsMHDA', 'q-yZ7497YPc', '1crk7Na2h3w', 'wQhAmkQ2Tn8', 'Fjnvweudl0A', '28yRhr-_1jg', '2rUV4TAP46U', 'ePK8FhWR0is', 'VgjyPmFKxCU', 'orCZUfnK1J0']
2022-05-11 15:12:07,551 - INFO - Loading video ID R1dtDMyOTDc.
2022-05-11 15:12:18,749 - INFO - Saving videopage
2022-05-11 15:12:18,973 - INFO - Recommended videos: ['cfLlAVFJZXg', 'f01URP4x7ac', 'LR9FtWVjk2c', 'TyX0twnnyHA', 'WOgKIlvjlQ8', 'E_7vxPJyPDQ', 'Y5QewBUQJDw', 'VenjShkT5Uc', 'dlogul7XwZg', '8ToP_EnAlLU']
2022-05-11 15:12:19,160 - INFO - Watching video for 188 seconds.
2022-05-11 15:15:27,165 - INFO - Loading homepage.
2022-05-11 15:15:38,841 - INFO - Saving homepage.
2022-05-11 15:15:39,133 - INFO - Recommended videos: ['Motv8vsMHDA', 'iSqt41QQIKM', '28yRhr-_1jg', 'ihaB8AFOhZo', '9M6PNXTgIEg', 'f-mIoaUy-AI', 'VgjyPmFKxCU', 'JaQarnFbyD8', 'JJoCx8tqvrM', 'hQIzThjHnHg']
2022-05-11 15:15:44,152 - INFO - Loading video ID ariHTB-qdpc.
2022-05-11 15:15:55,322 - INFO - Saving videopage
2022-05-11 15:15:55,580 - INFO - Recommended videos: ['dPj0jMc-XdM', 'uGqOFKtqT7w', 'MUlJI2A71lo', 'a8jcNBVWJyE', 'cj9heGgAOSs', 'iJjtRTOAuak', 'Ug2fwKVAiEw', 'ihaB8AFOhZo', 'l327LbNx1_o', 'FFkKm_4FOFE']
2022-05-11 15:15:55,752 - INFO - Watching video for 89 seconds.
2022-05-11 15:17:24,760 - INFO - Loading homepage.
2022-05-11 15:17:36,008 - INFO - Saving homepage.
2022-05-11 15:17:36,324 - INFO - Recommended videos: ['Motv8vsMHDA', 'KBdCoDzh8xA', '2rUV4TAP46U', 'ihaB8AFOhZo', 'OmYYLMte4pY', 'q-yZ7497YPc', 'K6WX5mgLwMk', 'TeRtMRhTkVc', '1crk7Na2h3w', 'vuHuKvhG88U']
2022-05-11 15:17:41,338 - INFO - Loading video ID jBZ1Y3t-k4o.
2022-05-11 15:17:52,444 - INFO - Saving videopage
2022-05-11 15:17:52,714 - INFO - Recommended videos: ['VenjShkT5Uc', 'TyX0twnnyHA', '9AThycGCakk', 'KaKvTA9G0i4', 'RxCXOoaKYRE', 'ouZrZa5pLXk', 'F-boZa-n6Mo', 'Unzc731iCUY', 'TBuIGBCF9jc', '0FB9i7P9Zs4']
2022-05-11 15:17:52,887 - INFO - Watching video for 259 seconds.
2022-05-11 15:22:11,892 - INFO - Loading homepage.
2022-05-11 15:22:23,780 - INFO - Saving homepage.
2022-05-11 15:22:24,051 - INFO - Recommended videos: ['Y0Uj1RA7Cgk', 'Ykrkchfwtmw', 'f-mIoaUy-AI', 'j0c_I7MWB1U', 'cEnfaEdq4NE', '1crk7Na2h3w', 'K6WX5mgLwMk', 'q-yZ7497YPc', 'SA2Rc84_D_k', 'vuHuKvhG88U']
2022-05-11 15:22:29,060 - INFO - Loading video ID snFkGHpbX38.
2022-05-11 15:22:40,207 - INFO - Saving videopage
2022-05-11 15:22:40,356 - ERROR - Unable to find recommendations!
2022-05-11 15:22:40,502 - INFO - Watching video for 266 seconds.
2022-05-11 15:27:06,509 - INFO - Loading homepage.
2022-05-11 15:27:18,360 - INFO - Saving homepage.
2022-05-11 15:27:18,646 - INFO - Recommended videos: ['Motv8vsMHDA', 'Z7X-LplRcMM', '2rUV4TAP46U', 'ihaB8AFOhZo', '7f1eWlp2djk', '28yRhr-_1jg', 'K6WX5mgLwMk', 'f-mIoaUy-AI', 'VgjyPmFKxCU', 'CKvntbSPzhQ']
2022-05-11 15:27:23,662 - INFO - Loading video ID 5eEhLlRQFdE.
2022-05-11 15:27:34,780 - INFO - Saving videopage
2022-05-11 15:27:35,034 - INFO - Recommended videos: ['pLAr2X4sH5Q', 'XwtbaDAw5kA', 'A5dE25ANU0k', 'ouZrZa5pLXk', '6TK9c-caEcw', 'Unzc731iCUY', 'uSTdUqgIdyk', '0FB9i7P9Zs4', 'eSWwIQzKsbY', 'a8jcNBVWJyE']
2022-05-11 15:27:35,216 - INFO - Watching video for 313 seconds.
2022-05-11 15:32:48,222 - INFO - Loading homepage.
2022-05-11 15:32:59,888 - INFO - Saving homepage.
2022-05-11 15:33:00,166 - INFO - Recommended videos: ['024Fmd9ZIH0', 'ihaB8AFOhZo', 'KBdCoDzh8xA', 'f-mIoaUy-AI', 'IZmTJyUhcrU', '1crk7Na2h3w', 'j0c_I7MWB1U', 'vuHuKvhG88U', 'q-yZ7497YPc', 'ePK8FhWR0is']
2022-05-11 15:33:05,187 - INFO - Loading video ID -zuhNFgimyU.
2022-05-11 15:33:16,369 - INFO - Saving videopage
2022-05-11 15:33:16,588 - INFO - Recommended videos: ['VenjShkT5Uc', 'ouZrZa5pLXk', '9AThycGCakk', '7xCe2m0kiSg', 'kLUFit8815c', '6YzGOq42zLk', '6Ex9JVKdKvg', 'tXsQJhoauxc', 'dQn1-mLkIHw', 'Unzc731iCUY']
2022-05-11 15:33:16,771 - INFO - Watching video for 244 seconds.
2022-05-11 15:37:20,776 - INFO - Loading homepage.
2022-05-11 15:37:33,304 - INFO - Saving homepage.
2022-05-11 15:37:33,705 - INFO - Recommended videos: ['Motv8vsMHDA', '2rUV4TAP46U', 'ihaB8AFOhZo', 'K6WX5mgLwMk', 'MYCVKY17uwY', 'f-mIoaUy-AI', 'iSqt41QQIKM', 'JaQarnFbyD8', '1crk7Na2h3w', 'vuHuKvhG88U']
2022-05-11 15:37:38,758 - INFO - Loading video ID lCR6hTW9Clw.
2022-05-11 15:37:50,061 - INFO - Saving videopage
2022-05-11 15:37:50,308 - INFO - Recommended videos: ['cp9ebbo8i64', '_kQl6BnDRQg', 'VenjShkT5Uc', '_fpxCuorKjA', 'ouZrZa5pLXk', '-ZMzfihqOkQ', 'jOfUz-4sg1U', 'twG4mr6Jov0', 'UF8KlOOSF0s', 'NQNwjEkszvg']
2022-05-11 15:37:50,481 - INFO - Watching video for 140 seconds.
2022-05-11 15:40:10,482 - INFO - Loading homepage.
2022-05-11 15:40:21,923 - INFO - Saving homepage.
2022-05-11 15:40:22,193 - INFO - Recommended videos: ['Motv8vsMHDA', '2rUV4TAP46U', '4oGiE6opziI', 'ihaB8AFOhZo', 'x6Hw__zvvYA', 'H02PGXzBf50', '1crk7Na2h3w', 'JaQarnFbyD8', 'iz9nsEjSS1o', 'qNgifPzF1fI']
2022-05-11 15:40:27,204 - INFO - Loading video ID kIOzBlphHBs.
2022-05-11 15:40:38,430 - INFO - Saving videopage
2022-05-11 15:40:38,681 - INFO - Recommended videos: ['_fpxCuorKjA', 'a8jcNBVWJyE', 'b6yt8aWPiIE', 'FcmUNlgld74', 'Q8ZFuHIEH2c', 'M7hOpT0lPGI', '2E6U281dpqc', 'TyX0twnnyHA', 'ouZrZa5pLXk', 'u9FDzeoT7SU']
2022-05-11 15:40:38,855 - INFO - Watching video for 155 seconds.
2022-05-11 15:43:13,813 - INFO - Loading homepage.
2022-05-11 15:43:25,962 - INFO - Saving homepage.
2022-05-11 15:43:26,238 - INFO - Recommended videos: ['Motv8vsMHDA', '4oGiE6opziI', 'ihaB8AFOhZo', '2rUV4TAP46U', 'JXWuxMQx_N4', 'KBdCoDzh8xA', 'qNgifPzF1fI', '1crk7Na2h3w', 'JaQarnFbyD8', 'AKvNo33j5Lw']
2022-05-11 15:43:31,252 - INFO - Loading video ID b7mFJUOzpdU.
2022-05-11 15:43:42,370 - INFO - Saving videopage
2022-05-11 15:43:42,651 - INFO - Recommended videos: ['ouZrZa5pLXk', 'bMdeg-WKt1U', 'Unzc731iCUY', 'Dvh3JhsrQ0w', '4HmnXZHsm8c', 'u9FDzeoT7SU', '9w0640basGY', 'S8VEAtplPH8', 'JYalx8bvEyg', 'Q8ZFuHIEH2c']
2022-05-11 15:43:42,824 - INFO - Watching video for 22 seconds.
2022-05-11 15:44:04,829 - INFO - Loading homepage.
2022-05-11 15:44:16,456 - INFO - Saving homepage.
2022-05-11 15:44:16,714 - INFO - Recommended videos: ['Motv8vsMHDA', 'H02PGXzBf50', 'ihaB8AFOhZo', '2rUV4TAP46U', '7AlxApoexRE', 'f-mIoaUy-AI', 'AKvNo33j5Lw', 'CKvntbSPzhQ', '1crk7Na2h3w', 'ePK8FhWR0is']
2022-05-11 15:44:21,725 - INFO - Loading video ID oyhCzCd3Ouo.
2022-05-11 15:44:33,342 - INFO - Saving videopage
2022-05-11 15:44:33,582 - INFO - Recommended videos: ['OzIpdEYUtn8', 'mEfgf2GRk3Q', 'sZTpLvsYYHw', 'Dd-naAfCBNE', 'M45fO7uiw4o', 'EcMKLwVlpJk', 'Oseqh7SMIvo', 'JqXwT9ZEHVA', 'cfLlAVFJZXg', '4yrr5FgjWZk']
2022-05-11 15:44:33,754 - INFO - Watching video for 200 seconds.
2022-05-11 15:47:53,759 - INFO - Loading homepage.
2022-05-11 15:48:05,270 - INFO - Saving homepage.
2022-05-11 15:48:05,530 - INFO - Recommended videos: ['024Fmd9ZIH0', '4oGiE6opziI', 'ihaB8AFOhZo', 'H02PGXzBf50', 'Fjnvweudl0A', '1crk7Na2h3w', 'f-mIoaUy-AI', '2rUV4TAP46U', 'vuHuKvhG88U', '28yRhr-_1jg']
2022-05-11 15:48:10,545 - INFO - Loading video ID 9uKMK3CnvEE.
2022-05-11 15:48:22,093 - INFO - Saving videopage
2022-05-11 15:48:22,359 - INFO - Recommended videos: ['UZMIbo_DxJk', 'Unzc731iCUY', 'Q3o1BS5_kFc', 'Auuk1y4DRgk', 'uSTdUqgIdyk', 'JrMiSQAGOS4', 'ehZ-7Big5MI', '7B8Q6D4a6TM', '7CfYpZCHJQw', 'ARWBdfWpDyc']
2022-05-11 15:48:22,554 - INFO - Watching video for 586 seconds.
2022-05-11 15:58:08,553 - INFO - Loading homepage.
2022-05-11 15:58:20,361 - INFO - Saving homepage.
2022-05-11 15:58:20,614 - INFO - Recommended videos: ['Motv8vsMHDA', 'ymTjYXA9MWw', '_SabMHPiMP4', 'ihaB8AFOhZo', 'IZmTJyUhcrU', '1crk7Na2h3w', 'qNgifPzF1fI', 'K6WX5mgLwMk', 'JaQarnFbyD8', 'j0c_I7MWB1U']
2022-05-11 15:58:25,628 - INFO - Loading video ID kuARFR_lyjA.
2022-05-11 15:58:37,755 - INFO - Saving videopage
2022-05-11 15:58:37,997 - INFO - Recommended videos: ['DcA5TotAkhs', '_fpxCuorKjA', 'iG80P-pWoKg', 'PICIXkH5t14', 'lh7yZZN2oz0', 'P_6vDLq64gE', 'VenjShkT5Uc', '96ZxD4UWYgk', '77ZF50ve6rs', 'yyi8td2B25o']
2022-05-11 15:58:38,174 - INFO - Watching video for 171 seconds.
2022-05-11 16:01:29,169 - INFO - Loading homepage.
2022-05-11 16:01:41,240 - INFO - Saving homepage.
2022-05-11 16:01:41,506 - INFO - Recommended videos: ['Motv8vsMHDA', '4oGiE6opziI', 'ihaB8AFOhZo', 'f-mIoaUy-AI', '7AlxApoexRE', 'H02PGXzBf50', '2rUV4TAP46U', 'JaQarnFbyD8', 'GOZr5HNfYvk', 'AKvNo33j5Lw']
2022-05-11 16:01:46,548 - INFO - Loading video ID 9xVX8vdL9-I.
2022-05-11 16:01:57,594 - INFO - Saving videopage
2022-05-11 16:01:57,836 - INFO - Recommended videos: ['FD2c6vAw4KI', '9AThycGCakk', 'Unzc731iCUY', 'ouZrZa5pLXk', 'TyX0twnnyHA', 'zN2NdiFJFh0', 'Iwpi1Lm6dFo', 'MB5IX-np5fE', 'VenjShkT5Uc', 'tNjRi5AJ53s']
2022-05-11 16:01:58,004 - INFO - Watching video for 1025 seconds.
2022-05-11 16:19:02,996 - INFO - Loading homepage.
2022-05-11 16:19:15,212 - INFO - Saving homepage.
2022-05-11 16:19:15,488 - INFO - Recommended videos: ['Motv8vsMHDA', 'UHOcYSdAhAg', 'ihaB8AFOhZo', '1crk7Na2h3w', 'aieC6mlrkOU', '7Ys_yKGNFRQ', 'iz9nsEjSS1o', 'JaQarnFbyD8', 'H02PGXzBf50', 'f-mIoaUy-AI']
2022-05-11 16:19:20,541 - INFO - Loading video ID 8BzGHkWyVkg.
2022-05-11 16:19:31,653 - INFO - Saving videopage
2022-05-11 16:19:31,844 - ERROR - Unable to find recommendations!
2022-05-11 16:19:32,004 - INFO - Watching video for 376 seconds.
2022-05-11 16:25:47,967 - INFO - Loading homepage.
2022-05-11 16:26:02,481 - INFO - Saving homepage.
2022-05-11 16:26:02,767 - INFO - Recommended videos: ['Motv8vsMHDA', 'H02PGXzBf50', 'pojr13szcVA', 'ihaB8AFOhZo', 'aieC6mlrkOU', 'f-mIoaUy-AI', 'K6WX5mgLwMk', 'JaQarnFbyD8', 'VLKpFFwU2ow', 'vuHuKvhG88U']
2022-05-11 16:26:07,779 - INFO - Loading video ID csPMnw701MQ.
2022-05-11 16:26:19,272 - INFO - Saving videopage
2022-05-11 16:26:19,520 - INFO - Recommended videos: ['V0uYKSKOauQ', '5aseIXM2i5E', 'yEAeeJt8THQ', 'EcMKLwVlpJk', 'mEfgf2GRk3Q', 'Rla2CH-1aqI', '1kkW55w3cvI', 'zbIvoTbERO0', 'Grgraon4p40', 'QZBiMD0HaGk']
2022-05-11 16:26:19,690 - INFO - Watching video for 71 seconds.
2022-05-11 16:27:30,694 - INFO - Loading homepage.
2022-05-11 16:27:42,249 - INFO - Saving homepage.
2022-05-11 16:27:42,520 - INFO - Recommended videos: ['Motv8vsMHDA', 'H02PGXzBf50', 'f-mIoaUy-AI', 'ihaB8AFOhZo', 'GP7R7WcuVZ4', 'ymTjYXA9MWw', 'rL-zQdH6Cm0', '1crk7Na2h3w', 'ePK8FhWR0is', 's4gO2RQR-bM']
2022-05-11 16:27:47,531 - INFO - Loading video ID kViCGMMdRFM.
2022-05-11 16:27:58,601 - INFO - Saving videopage
2022-05-11 16:27:58,845 - INFO - Recommended videos: ['P6bVl47kdNk', 'ouZrZa5pLXk', 'TyX0twnnyHA', 'tNjRi5AJ53s', 'cfLlAVFJZXg', '96ZxD4UWYgk', 'c36UNSoJenI', 'q4xKvHANqjk', 'p_EeiOTLQ5w', 'b6yt8aWPiIE']
2022-05-11 16:27:59,018 - INFO - Watching video for 30 seconds.
2022-05-11 16:28:29,023 - INFO - Loading homepage.
2022-05-11 16:28:40,491 - INFO - Saving homepage.
2022-05-11 16:28:40,730 - INFO - Recommended videos: ['Motv8vsMHDA', 'ihaB8AFOhZo', 'f-mIoaUy-AI', 'H02PGXzBf50', 'aieC6mlrkOU', '4PPTu4g2_hg', '28yRhr-_1jg', '3C0BdIn6Hdo', '1crk7Na2h3w', 'ePK8FhWR0is']
2022-05-11 16:28:45,737 - INFO - Loading video ID Rr8QaMlSLjE.
2022-05-11 16:29:02,374 - INFO - Saving videopage
2022-05-11 16:29:02,642 - INFO - Recommended videos: ['BHHJaEqMSqQ', 'PsGA8Sot6is', 'SiZ-XgJKAIk', '15EdrGBIZdg', 'JOMYsOGei08', 'NNT4QYuYvJk', '6lIt07sBW4E', 'R30b94-3f5E', 'D9NY-CH8mx4', 'LzygkxPK6YA']
2022-05-11 16:29:02,833 - INFO - Watching video for 25 seconds.
2022-05-11 16:29:27,838 - INFO - Loading homepage.
2022-05-11 16:29:39,372 - INFO - Saving homepage.
2022-05-11 16:29:39,646 - INFO - Recommended videos: ['024Fmd9ZIH0', 'pjrCRyZVTE8', 'ihaB8AFOhZo', 'f-mIoaUy-AI', 'hHk041PI8G8', 'H02PGXzBf50', '1crk7Na2h3w', 'iSqt41QQIKM', 'vuHuKvhG88U', 'JaQarnFbyD8']
2022-05-11 16:29:44,657 - INFO - Loading video ID vtzidOkBcRE.
2022-05-11 16:29:55,814 - INFO - Saving videopage
2022-05-11 16:29:55,993 - ERROR - Unable to find recommendations!
2022-05-11 16:29:56,136 - INFO - Watching video for 223 seconds.
2022-05-11 16:33:39,136 - INFO - Loading homepage.
2022-05-11 16:33:51,008 - INFO - Saving homepage.
2022-05-11 16:33:51,305 - INFO - Recommended videos: ['Motv8vsMHDA', 'pjrCRyZVTE8', 'L9uj2GY1MHQ', '1crk7Na2h3w', 'N9Wc0DazEZg', 'qNgifPzF1fI', 'ihaB8AFOhZo', 'FTXN5nOstRs', 'MUlJI2A71lo', '2rUV4TAP46U']
2022-05-11 16:33:56,316 - INFO - Loading video ID T7ZJMS5AUNE.
2022-05-11 16:34:07,468 - INFO - Saving videopage
2022-05-11 16:34:07,714 - INFO - Recommended videos: ['cfLlAVFJZXg', 'gbxk0WnTmEU', 'n6GEcdh5whk', 'pORe-DIfsGA', 'Unzc731iCUY', 'twG4mr6Jov0', 'o4m5jQy5A2U', '96ZxD4UWYgk', 'JYalx8bvEyg', 'L1Z8YT6w7Rc']
2022-05-11 16:34:07,886 - INFO - Watching video for 331 seconds.
2022-05-11 16:39:38,885 - INFO - Loading homepage.
2022-05-11 16:39:51,398 - INFO - Saving homepage.
2022-05-11 16:39:51,709 - INFO - Recommended videos: ['024Fmd9ZIH0', 'ihaB8AFOhZo', 'f-mIoaUy-AI', 'H02PGXzBf50', 'uhGJY6HhQ5Q', 'LCg_EyrD27o', 'L9uj2GY1MHQ', 'vuHuKvhG88U', 'ePK8FhWR0is', '1crk7Na2h3w']
2022-05-11 16:39:56,762 - INFO - Loading video ID kaLrOH1Y_y0.
2022-05-11 16:40:07,892 - INFO - Saving videopage
2022-05-11 16:40:08,147 - INFO - Recommended videos: ['SkNarvNDo3E', 'arLVGfyo7lk', 'f80WwpNuaxg', 'FFkKm_4FOFE', 'eW7GBf5mWik', 'pTBooio3h9U', 'lj5GXZaE7qs', 'uSTdUqgIdyk', 'OYcYv174KQ4', 'bL2JxL5T7HM']
2022-05-11 16:40:08,326 - INFO - Watching video for 148 seconds.
2022-05-11 16:42:36,351 - INFO - Loading homepage.
2022-05-11 16:42:48,247 - INFO - Saving homepage.
2022-05-11 16:42:48,515 - INFO - Recommended videos: ['024Fmd9ZIH0', 'pjrCRyZVTE8', 'ihaB8AFOhZo', 'f-mIoaUy-AI', 'N9Wc0DazEZg', 'H02PGXzBf50', '2rUV4TAP46U', 'ePK8FhWR0is', 'G4pA5EWwwrU', '1crk7Na2h3w']
2022-05-11 16:42:53,526 - INFO - Loading video ID DIL5JB_F6d4.
2022-05-11 16:43:04,627 - INFO - Saving videopage
2022-05-11 16:43:04,883 - INFO - Recommended videos: ['cfLlAVFJZXg', 'QqfnHU9i38E', 'bEWdAYvANcc', 'uSTdUqgIdyk', 'iEvN9z2S_7o', 'pKJCZRM476s', 'tNjRi5AJ53s', 'CcIwt2bRDkc', 'iIFi_Rgm-T8', 'idMn_1gcVFs']
2022-05-11 16:43:05,056 - INFO - Watching video for 248 seconds.
2022-05-11 16:47:13,058 - INFO - Loading homepage.
2022-05-11 16:47:25,077 - INFO - Saving homepage.
2022-05-11 16:47:25,356 - INFO - Recommended videos: ['Motv8vsMHDA', 'pjrCRyZVTE8', 'Vt9K6kmpx44', 'qNgifPzF1fI', 'C0pveXr638s', '1crk7Na2h3w', 'gkWByWY3Gdk', 'h_eX3PfCyxc', '28yRhr-_1jg', 'ihaB8AFOhZo']
2022-05-11 16:47:30,371 - INFO - Loading video ID 2K1JzBZmbug.
2022-05-11 16:47:41,361 - INFO - Saving videopage
2022-05-11 16:47:41,590 - INFO - Recommended videos: ['DxREm3s1scA', 'tB3qqb3U0Kc', 'RBK5KLA5Jjg', '9Ed15q9d40U', 'FD2c6vAw4KI', 'xIlpu-JEkL4', '-z77ikRecGI', 'u9FDzeoT7SU', 'Rla2CH-1aqI', 'uzkD5SeuwzM']
2022-05-11 16:47:41,765 - INFO - Watching video for 930 seconds.
2022-05-11 17:03:11,727 - INFO - Loading homepage.
2022-05-11 17:03:24,003 - INFO - Saving homepage.
2022-05-11 17:03:24,254 - INFO - Recommended videos: ['Y0Uj1RA7Cgk', 'vm6MzvC-8pU', 'ihaB8AFOhZo', '0byNrjm_OzU', 'f-mIoaUy-AI', 'j0c_I7MWB1U', 'h_eX3PfCyxc', '4oGiE6opziI', '28yRhr-_1jg', '1crk7Na2h3w']
2022-05-11 17:03:29,283 - INFO - Loading video ID aFiS90_Dywk.
2022-05-11 17:03:40,410 - INFO - Saving videopage
2022-05-11 17:03:40,636 - INFO - Recommended videos: ['r9ywpd5fRGw', 'SAqdd8RA6QU', '-QoxaseaN9c', 'ylkcZtItdb8', 'B2WV3VKSQJs', '_Qw_TTI1k7U', '5ykWcPuKb1Q', 'LbTPzWU2X7U', 'GNHOD6uXjjA', 'G_TcAxAKCAI']
2022-05-11 17:03:40,817 - INFO - Watching video for 1119 seconds.
2022-05-11 17:22:19,792 - INFO - Loading homepage.
2022-05-11 17:22:31,946 - INFO - Saving homepage.
2022-05-11 17:22:32,208 - INFO - Recommended videos: ['Y0Uj1RA7Cgk', '4oGiE6opziI', 'iSqt41QQIKM', 'HtE5kcRig8s', 'LCg_EyrD27o', 'f-mIoaUy-AI', 'ihaB8AFOhZo', 'j0c_I7MWB1U', 'h_eX3PfCyxc', '28yRhr-_1jg']
2022-05-11 17:22:37,259 - INFO - Loading video ID VEBipOj2rkU.
2022-05-11 17:22:48,364 - INFO - Saving videopage
2022-05-11 17:22:48,622 - INFO - Recommended videos: ['EKlMLPCHS2s', '36m1o-tM05g', 's2bTQK6vbKI', 'uQJ9PDwzbvQ', '_fhDVVfELsM', '0CUzQBXosqE', 'X1gljN656dk', '7Lod3-_4kSk', '-Tthu0D4dps', 'wSuK_64oWUQ']
2022-05-11 17:22:48,808 - INFO - Watching video for 19 seconds.
2022-05-11 17:23:07,809 - INFO - Loading homepage.
2022-05-11 17:23:19,472 - INFO - Saving homepage.
2022-05-11 17:23:19,736 - INFO - Recommended videos: ['Y0Uj1RA7Cgk', '4oGiE6opziI', 'YI9pujyykV4', 'HtE5kcRig8s', 'LCg_EyrD27o', 'Jl0ysEEXVV8', 'iSqt41QQIKM', 'f-mIoaUy-AI', 'ihaB8AFOhZo', 'j0c_I7MWB1U']
2022-05-11 17:23:24,748 - INFO - Loading video ID vm6MzvC-8pU.
2022-05-11 17:23:36,046 - INFO - Saving videopage
2022-05-11 17:23:36,294 - INFO - Recommended videos: ['BHHJaEqMSqQ', 'ETEg-SB01QY', 'NNT4QYuYvJk', 'VBiJPxroMt8', 'cY6G88kY330', 'uSTdUqgIdyk', 'eznku53slP8', 'TkTaadb9GmM', 'D9NY-CH8mx4', 'lXm2SCkHKqo']
2022-05-11 17:23:36,466 - INFO - Watching video for 53 seconds.
2022-05-11 17:24:29,470 - INFO - Loading homepage.
2022-05-11 17:24:41,758 - INFO - Saving homepage.
2022-05-11 17:24:42,027 - INFO - Recommended videos: ['Y0Uj1RA7Cgk', '4oGiE6opziI', 'iSqt41QQIKM', 'x6Hw__zvvYA', 'f-mIoaUy-AI', 'LCg_EyrD27o', 'ihaB8AFOhZo', 'L9uj2GY1MHQ', 'u-Ni8sgeHl4', '024Fmd9ZIH0']
2022-05-11 17:24:47,043 - INFO - Loading video ID 3BFmEv_5mKU.
2022-05-11 17:24:58,145 - INFO - Saving videopage
2022-05-11 17:24:58,404 - INFO - Recommended videos: ['Rla2CH-1aqI', 'Unzc731iCUY', '-BjdEymoy68', 'e-or_D-qNqM', 'j5v8D-alAKE', 'Hl0lzIVkdv4', 'G68Q4lCM5pQ', 'WDtAwXZkdU0', '6EzehYUhtT4', 'uQJ9PDwzbvQ']
2022-05-11 17:24:58,586 - INFO - Watching video for 1043 seconds.
2022-05-11 17:42:21,623 - INFO - Loading homepage.
2022-05-11 17:42:33,631 - INFO - Saving homepage.
2022-05-11 17:42:34,020 - INFO - Recommended videos: ['Motv8vsMHDA', '4oGiE6opziI', 'YI9pujyykV4', 'x6Hw__zvvYA', 'LCg_EyrD27o', 'ihaB8AFOhZo', 'iSqt41QQIKM', 'f-mIoaUy-AI', 'L76cn812bpc', 'e0H_fXxVn8k']
2022-05-11 17:42:39,070 - INFO - Loading video ID xTVYLeMzTgQ.
2022-05-11 17:42:50,237 - INFO - Saving videopage
2022-05-11 17:42:50,570 - INFO - Recommended videos: ['_fpxCuorKjA', 'RbVmMnZ8B9Y', 'Ruvi7B8e8Zk', 'X1gljN656dk', 'EKlMLPCHS2s', 'Tu3qa6mRPMA', 'u9FDzeoT7SU', 'uQJ9PDwzbvQ', 'EcMKLwVlpJk', 'TvGPAVTYfXI']
2022-05-11 17:42:50,765 - INFO - Watching video for 81 seconds.
2022-05-11 17:44:11,768 - INFO - Loading homepage.
2022-05-11 17:44:23,616 - INFO - Saving homepage.
2022-05-11 17:44:23,893 - INFO - Recommended videos: ['Y0Uj1RA7Cgk', '4oGiE6opziI', 'LCg_EyrD27o', 'x6Hw__zvvYA', 'YI9pujyykV4', '-5aFOjyMVpo', 'f-mIoaUy-AI', 'wyYAiU4DKUY', 'ihaB8AFOhZo', 'ukEWtxsa6OY']
2022-05-11 17:44:28,907 - INFO - Loading video ID 8GvTA767gHU.
2022-05-11 17:44:40,191 - INFO - Saving videopage
2022-05-11 17:44:40,448 - INFO - Recommended videos: ['_fpxCuorKjA', 'SoraKvgtjRg', '5uTmY9zQ0eg', 'tNjRi5AJ53s', 'H6wl-EyhXl0', '-Tthu0D4dps', 'X1gljN656dk', 'X00qnwjN_-8', 'EKlMLPCHS2s', '7qZrvQPrEdA']
2022-05-11 17:44:40,651 - INFO - Watching video for 22 seconds.
2022-05-11 17:45:02,656 - INFO - Loading homepage.
2022-05-11 17:45:14,502 - INFO - Saving homepage.
2022-05-11 17:45:14,810 - INFO - Recommended videos: ['024Fmd9ZIH0', '4oGiE6opziI', 'OYcYv174KQ4', 'x6Hw__zvvYA', 'ukEWtxsa6OY', 'OI0oYqcPZ2U', 'xWViSJNKig8', 'SoraKvgtjRg', 'miTr4neBdFA', '7qZrvQPrEdA']
2022-05-11 17:45:19,842 - INFO - Loading video ID iyboBvfQmkI.
2022-05-11 17:45:30,915 - INFO - Saving videopage
2022-05-11 17:45:31,171 - INFO - Recommended videos: ['_HAJ-yMJ7Ww', 'twAP3buj9Og', 'xlh3T27_eYo', 'nJ-ehbVQYxI', 'wMhb56HIqzM', '9Ed15q9d40U', 'vm6MzvC-8pU', 'sATY-COrZUk', 'OYcYv174KQ4', 'e0H_fXxVn8k']
2022-05-11 17:45:31,353 - INFO - Watching video for 6 seconds.
2022-05-11 17:45:37,358 - INFO - Loading homepage.
2022-05-11 17:45:49,124 - INFO - Saving homepage.
2022-05-11 17:45:49,418 - INFO - Recommended videos: ['024Fmd9ZIH0', '4oGiE6opziI', 'D9NY-CH8mx4', '2qo2c91bYJw', 'OI0oYqcPZ2U', 'xWViSJNKig8', 'SoraKvgtjRg', 'miTr4neBdFA', '7qZrvQPrEdA', 'yUrWeE3qklM']
2022-05-11 17:45:54,480 - INFO - Loading video ID AVWTbcjaL7o.
2022-05-11 17:46:05,614 - INFO - Saving videopage
2022-05-11 17:46:05,865 - INFO - Recommended videos: ['oDlxH2Jl3rs', 'ver-JM3D26M', 'ASDu-w5FtS8', 'UHDz9OAT2uk', 'kz2Rk1OA6N8', 'TMvapCHumpE', '-Xx9qqjKxeY', 'qLBsSpeTU1A', 'rh9KDzNkpSI', 'OYcYv174KQ4']
2022-05-11 17:46:06,046 - INFO - Watching video for 474 seconds.
2022-05-11 17:54:00,048 - INFO - Loading homepage.
2022-05-11 17:54:12,692 - INFO - Saving homepage.
2022-05-11 17:54:12,988 - INFO - Recommended videos: ['024Fmd9ZIH0', '4oGiE6opziI', 'D9NY-CH8mx4', 'vJ1v27vGqrc', 'rrKOnp1dcoo', 'OI0oYqcPZ2U', 'xWViSJNKig8', 'SoraKvgtjRg', 'miTr4neBdFA', '7qZrvQPrEdA']
2022-05-11 17:54:18,005 - INFO - Loading video ID CWEMXCHPdvw.
2022-05-11 17:54:29,004 - INFO - Saving videopage
2022-05-11 17:54:29,251 - INFO - Recommended videos: ['cU4fkswSJhk', 'WTSDRo_m8U4', 'S-ztoGpA7a4', 'I6XF71YswCs', 'Unzc731iCUY', 'b5bU98KGveE', 'r1gswsB8uoU', '2AMu-G51yTY', 'gGeevtdp1WQ', 'a5tCKOw-woM']
2022-05-11 17:54:29,424 - INFO - Watching video for 1031 seconds.
2022-05-11 18:11:40,397 - INFO - Loading homepage.
2022-05-11 18:11:52,481 - INFO - Saving homepage.
2022-05-11 18:11:52,783 - INFO - Recommended videos: ['Y0Uj1RA7Cgk', '4oGiE6opziI', 'D9NY-CH8mx4', '-QW6TgjZ0l4', 'ihaB8AFOhZo', 'OI0oYqcPZ2U', 'xWViSJNKig8', 'SoraKvgtjRg', 'miTr4neBdFA', 'E4hwCXDo4aA']
2022-05-11 18:11:57,842 - INFO - Loading video ID QkKdriM0aTg.
2022-05-11 18:12:09,047 - INFO - Saving videopage
2022-05-11 18:12:09,297 - INFO - Recommended videos: ['DcA5TotAkhs', 'tB3qqb3U0Kc', 'uqj1d-7mD1I', 'ovnvh8jwhEI', 'H_szemxPcTI', 'Unzc731iCUY', 'DR0Wu4fa7C4', 'kamyxB-yKrc', 'nTy2v54MM_E', '4yrr5FgjWZk']
2022-05-11 18:12:09,472 - INFO - Watching video for 620 seconds.
2022-05-11 18:22:29,452 - INFO - Loading homepage.
2022-05-11 18:22:41,981 - INFO - Saving homepage.
2022-05-11 18:22:42,326 - INFO - Recommended videos: ['Y0Uj1RA7Cgk', '4oGiE6opziI', 'ASDu-w5FtS8', 'uhGJY6HhQ5Q', 'LCg_EyrD27o', 'YI9pujyykV4', 'OI0oYqcPZ2U', 'xWViSJNKig8', 'SoraKvgtjRg', 'miTr4neBdFA']
2022-05-11 18:22:47,348 - INFO - Loading video ID MhA1u0UtpSc.
2022-05-11 18:22:58,590 - INFO - Saving videopage
2022-05-11 18:22:58,839 - INFO - Recommended videos: ['W0aFxC4t8tw', 'lMmLHchT4Ho', 'Ruvi7B8e8Zk', 'GNHOD6uXjjA', 'uQJ9PDwzbvQ', 'tlTMRMRj030', 'mT0RNrTDHkI', 'oJsGWsJiopI', 'b6yt8aWPiIE', 'ouZrZa5pLXk']
2022-05-11 18:22:59,011 - INFO - Watching video for 109 seconds.
2022-05-11 18:24:48,016 - INFO - Loading homepage.
2022-05-11 18:25:00,042 - INFO - Saving homepage.
2022-05-11 18:25:00,382 - INFO - Recommended videos: ['Y0Uj1RA7Cgk', '4oGiE6opziI', 'YI9pujyykV4', 'uhGJY6HhQ5Q', 'rrKOnp1dcoo', 'OI0oYqcPZ2U', 'xWViSJNKig8', 'SoraKvgtjRg', 'miTr4neBdFA', 'E4hwCXDo4aA']
2022-05-11 18:25:05,396 - INFO - Loading video ID XB4ptBXroTw.
2022-05-11 18:25:16,844 - INFO - Saving videopage
2022-05-11 18:25:17,118 - INFO - Recommended videos: ['CH0ZhhGwCOQ', 'kW9KbtjyHN4', '-EvvPZFdjyk', 'TVgQ_tgWMyU', 'ZXWuDj-izLY', 'ouZrZa5pLXk', 'Unzc731iCUY', 'Iy4vq8RdPGU', 'YBlPO9wtUYc', 'vtIzMaLkCaM']
2022-05-11 18:25:17,311 - INFO - Watching video for 663 seconds.
2022-05-11 18:36:20,304 - INFO - Loading homepage.
2022-05-11 18:36:32,597 - INFO - Saving homepage.
2022-05-11 18:36:32,902 - INFO - Recommended videos: ['Y0Uj1RA7Cgk', 'D9NY-CH8mx4', 'rrKOnp1dcoo', 'NvFAyiNPpuQ', 'UwdGZX1fNK8', 'u-Ni8sgeHl4', 'SG3nm-Autsg', 'tGMB79PpPwg', 'xWViSJNKig8', 'miTr4neBdFA']
2022-05-11 18:36:37,919 - INFO - Loading video ID UcGWitwKEKc.
2022-05-11 18:36:48,982 - INFO - Saving videopage
2022-05-11 18:36:49,267 - INFO - Recommended videos: ['pKJCZRM476s', 'apXkd39xDVI', 'izjEhtIblHc', 'xNN7iTA57jM', '0CUzQBXosqE', 'g47F80oB6pg', '4EvX8aq-qUA', 'efs3QRr8LWw', 'UU7nFQTY7ls', 'JqXwT9ZEHVA']
2022-05-11 18:36:49,447 - INFO - Watching video for 700 seconds.
2022-05-11 18:48:29,492 - INFO - Loading homepage.
2022-05-11 18:48:41,670 - INFO - Saving homepage.
2022-05-11 18:48:41,973 - INFO - Recommended videos: ['Y0Uj1RA7Cgk', '4oGiE6opziI', 'LCg_EyrD27o', 'uhGJY6HhQ5Q', 'u-Ni8sgeHl4', 'SG3nm-Autsg', '-dq35MjRaOI', 'tGMB79PpPwg', 'xWViSJNKig8', 'miTr4neBdFA']
2022-05-11 18:48:46,985 - INFO - Loading video ID 1Ua2XnYlm-o.
2022-05-11 18:48:58,130 - INFO - Saving videopage
2022-05-11 18:48:58,381 - INFO - Recommended videos: ['DcA5TotAkhs', 'Q-_QyhYfReQ', '3jaedEtPp9w', 'gGFEWHA9WIQ', 'RHpalC3WaXY', 'M1ekh6e5SIg', 'RbVmMnZ8B9Y', 'u0cKuFfYnVw', 'KCIBQigXR8I', 'Y1W59JH05FM']
2022-05-11 18:48:58,555 - INFO - Watching video for 1014 seconds.
2022-05-11 19:05:52,578 - INFO - Loading homepage.
2022-05-11 19:06:05,038 - INFO - Saving homepage.
2022-05-11 19:06:05,332 - INFO - Recommended videos: ['024Fmd9ZIH0', 'pjrCRyZVTE8', 'OshHkSI1E6g', 'UJQkG76Vu7s', 'iTFrCbQGyvM', 'oqRUu4QCmOY', 'tGMB79PpPwg', 'xWViSJNKig8', 'miTr4neBdFA', 'E4hwCXDo4aA']
2022-05-11 19:06:10,349 - INFO - Loading video ID _KKOLEtMarE.
2022-05-11 19:06:21,458 - INFO - Saving videopage
2022-05-11 19:06:21,700 - INFO - Recommended videos: ['tlTMRMRj030', '2HFSaxIsJCE', 's4ACjyobAug', 'Unzc731iCUY', 'EKlMLPCHS2s', 'GNHOD6uXjjA', 'R-0NsJ6RgJ0', 'bEWdAYvANcc', '_xaj8QSJZ0E', 'tB3qqb3U0Kc']
2022-05-11 19:06:21,876 - INFO - Watching video for 113 seconds.
2022-05-11 19:08:14,877 - INFO - Loading homepage.
2022-05-11 19:08:26,955 - INFO - Saving homepage.
2022-05-11 19:08:27,227 - INFO - Recommended videos: ['024Fmd9ZIH0', 'OYcYv174KQ4', 'rrKOnp1dcoo', 'UJQkG76Vu7s', '7G-SvFN5C6M', 'ukEWtxsa6OY', 'tGMB79PpPwg', 'xWViSJNKig8', 'miTr4neBdFA', '6icKO9cAMG4']
2022-05-11 19:08:32,277 - INFO - Loading video ID 9YGiXHNOFzM.
2022-05-11 19:08:43,526 - INFO - Saving videopage
2022-05-11 19:08:43,791 - INFO - Recommended videos: ['m8LT-hzIL1k', 'eeOLPJtDYcQ', 'gyCY5BLi4cs', '9omAPm87_cw', 'OYcYv174KQ4', 'r76GJDP0uWQ', '0XxSy5rcQ30', 'k9QJ-VmaCxA', 'FYl4e1U9h9I', 'lsWndfzuOc4']
2022-05-11 19:08:43,987 - INFO - Watching video for 154 seconds.
2022-05-11 19:11:17,990 - INFO - 
DONE!
